TN:
SF:src\api\QueryProvider.tsx
FN:12,QueryProvider
FNF:1
FNH:0
FNDA:0,QueryProvider
DA:13,0
DA:14,0
LF:2
LH:0
BRDA:17,0,0,0
BRDA:17,0,1,0
BRF:2
BRH:0
end_of_record
TN:
SF:src\api\client.ts
FN:30,setAccessToken
FN:31,getAccessToken
FN:35,uuid
FN:39,(anonymous_3)
FN:47,getStoredTeamId
FN:48,setStoredTeamId
FN:53,tryRefresh
FN:55,(anonymous_7)
FN:73,request
FN:107,constructor
FN:111,mutation
FN:116,teamPath
FN:125,(anonymous_12)
FN:125,(anonymous_13)
FN:126,(anonymous_14)
FN:130,(anonymous_15)
FN:132,(anonymous_16)
FN:136,(anonymous_17)
FN:138,(anonymous_18)
FN:140,(anonymous_19)
FN:141,(anonymous_20)
FN:142,(anonymous_21)
FN:143,(anonymous_22)
FN:144,(anonymous_23)
FN:145,(anonymous_24)
FN:146,(anonymous_25)
FN:149,(anonymous_26)
FN:151,(anonymous_27)
FN:155,(anonymous_28)
FN:156,(anonymous_29)
FN:158,(anonymous_30)
FN:161,(anonymous_31)
FN:163,(anonymous_32)
FN:164,(anonymous_33)
FN:168,(anonymous_34)
FN:170,(anonymous_35)
FN:171,(anonymous_36)
FN:173,(anonymous_37)
FN:177,(anonymous_38)
FN:179,(anonymous_39)
FN:183,(anonymous_40)
FN:184,(anonymous_41)
FN:186,(anonymous_42)
FN:187,(anonymous_43)
FN:190,(anonymous_44)
FN:192,(anonymous_45)
FN:193,(anonymous_46)
FN:199,(anonymous_47)
FN:200,(anonymous_48)
FN:202,(anonymous_49)
FN:206,(anonymous_50)
FN:208,(anonymous_51)
FN:209,(anonymous_52)
FN:211,(anonymous_53)
FN:214,(anonymous_54)
FN:215,(anonymous_55)
FN:217,(anonymous_56)
FN:218,(anonymous_57)
FN:220,(anonymous_58)
FN:221,(anonymous_59)
FN:223,(anonymous_60)
FN:224,(anonymous_61)
FN:225,(anonymous_62)
FN:226,(anonymous_63)
FN:228,(anonymous_64)
FN:231,(anonymous_65)
FN:232,(anonymous_66)
FN:234,(anonymous_67)
FN:235,(anonymous_68)
FN:237,(anonymous_69)
FN:240,(anonymous_70)
FN:241,(anonymous_71)
FN:243,(anonymous_72)
FN:247,(anonymous_73)
FN:248,(anonymous_74)
FN:250,(anonymous_75)
FN:253,(anonymous_76)
FN:256,(anonymous_77)
FN:257,(anonymous_78)
FN:258,(anonymous_79)
FN:260,(anonymous_80)
FN:261,(anonymous_81)
FN:267,(anonymous_82)
FN:268,(anonymous_83)
FN:269,(anonymous_84)
FN:270,(anonymous_85)
FN:271,(anonymous_86)
FN:272,(anonymous_87)
FN:273,(anonymous_88)
FN:274,(anonymous_89)
FN:277,(anonymous_90)
FN:278,(anonymous_91)
FN:280,(anonymous_92)
FN:282,(anonymous_93)
FN:286,(anonymous_94)
FN:289,(anonymous_95)
FN:291,(anonymous_96)
FN:293,(anonymous_97)
FN:295,(anonymous_98)
FN:297,(anonymous_99)
FN:299,(anonymous_100)
FN:301,(anonymous_101)
FN:303,(anonymous_102)
FN:307,(anonymous_103)
FN:309,(anonymous_104)
FN:317,(anonymous_105)
FN:319,(anonymous_106)
FN:327,(anonymous_107)
FN:329,(anonymous_108)
FN:339,(anonymous_109)
FN:343,(anonymous_110)
FN:344,(anonymous_111)
FN:346,(anonymous_112)
FN:348,(anonymous_113)
FN:350,(anonymous_114)
FN:354,(anonymous_115)
FN:357,(anonymous_116)
FN:360,(anonymous_117)
FN:364,(anonymous_118)
FN:365,(anonymous_119)
FN:369,(anonymous_120)
FN:373,(anonymous_121)
FN:374,(anonymous_122)
FN:376,(anonymous_123)
FN:378,(anonymous_124)
FN:380,(anonymous_125)
FN:384,(anonymous_126)
FN:390,(anonymous_127)
FN:392,(anonymous_128)
FN:396,(anonymous_129)
FN:398,(anonymous_130)
FN:400,(anonymous_131)
FN:402,(anonymous_132)
FN:406,(anonymous_133)
FN:410,(anonymous_134)
FN:414,(anonymous_135)
FN:416,(anonymous_136)
FN:418,(anonymous_137)
FN:422,(anonymous_138)
FN:424,(anonymous_139)
FN:427,(anonymous_140)
FN:435,(anonymous_141)
FN:437,(anonymous_142)
FN:439,(anonymous_143)
FN:441,(anonymous_144)
FN:445,(anonymous_145)
FN:447,(anonymous_146)
FN:449,(anonymous_147)
FN:451,(anonymous_148)
FN:455,(anonymous_149)
FN:459,(anonymous_150)
FN:463,(anonymous_151)
FN:465,(anonymous_152)
FN:467,(anonymous_153)
FN:471,(anonymous_154)
FN:477,(anonymous_155)
FN:479,(anonymous_156)
FN:483,(anonymous_157)
FN:488,(anonymous_158)
FN:493,(anonymous_159)
FN:495,(anonymous_160)
FN:499,(anonymous_161)
FN:501,(anonymous_162)
FN:505,(anonymous_163)
FN:507,(anonymous_164)
FN:511,(anonymous_165)
FN:518,(anonymous_166)
FN:529,(anonymous_167)
FN:537,(anonymous_168)
FN:545,(anonymous_169)
FN:547,(anonymous_170)
FN:551,(anonymous_171)
FN:558,(anonymous_172)
FN:560,(anonymous_173)
FN:565,(anonymous_174)
FN:573,(anonymous_175)
FN:575,(anonymous_176)
FN:577,(anonymous_177)
FN:579,(anonymous_178)
FN:581,(anonymous_179)
FN:583,(anonymous_180)
FN:585,(anonymous_181)
FN:589,(anonymous_182)
FN:591,(anonymous_183)
FN:593,(anonymous_184)
FN:595,(anonymous_185)
FN:599,(anonymous_186)
FN:601,(anonymous_187)
FN:603,(anonymous_188)
FN:605,(anonymous_189)
FNF:190
FNH:27
FNDA:0,setAccessToken
FNDA:0,getAccessToken
FNDA:11,uuid
FNDA:0,(anonymous_3)
FNDA:136,getStoredTeamId
FNDA:32,setStoredTeamId
FNDA:0,tryRefresh
FNDA:0,(anonymous_7)
FNDA:140,request
FNDA:12,constructor
FNDA:11,mutation
FNDA:73,teamPath
FNDA:0,(anonymous_12)
FNDA:0,(anonymous_13)
FNDA:1,(anonymous_14)
FNDA:0,(anonymous_15)
FNDA:0,(anonymous_16)
FNDA:0,(anonymous_17)
FNDA:0,(anonymous_18)
FNDA:1,(anonymous_19)
FNDA:0,(anonymous_20)
FNDA:32,(anonymous_21)
FNDA:1,(anonymous_22)
FNDA:32,(anonymous_23)
FNDA:0,(anonymous_24)
FNDA:0,(anonymous_25)
FNDA:0,(anonymous_26)
FNDA:0,(anonymous_27)
FNDA:5,(anonymous_28)
FNDA:3,(anonymous_29)
FNDA:0,(anonymous_30)
FNDA:0,(anonymous_31)
FNDA:5,(anonymous_32)
FNDA:0,(anonymous_33)
FNDA:1,(anonymous_34)
FNDA:13,(anonymous_35)
FNDA:0,(anonymous_36)
FNDA:0,(anonymous_37)
FNDA:2,(anonymous_38)
FNDA:11,(anonymous_39)
FNDA:0,(anonymous_40)
FNDA:0,(anonymous_41)
FNDA:0,(anonymous_42)
FNDA:4,(anonymous_43)
FNDA:1,(anonymous_44)
FNDA:10,(anonymous_45)
FNDA:4,(anonymous_46)
FNDA:7,(anonymous_47)
FNDA:1,(anonymous_48)
FNDA:1,(anonymous_49)
FNDA:0,(anonymous_50)
FNDA:0,(anonymous_51)
FNDA:0,(anonymous_52)
FNDA:0,(anonymous_53)
FNDA:0,(anonymous_54)
FNDA:0,(anonymous_55)
FNDA:0,(anonymous_56)
FNDA:0,(anonymous_57)
FNDA:0,(anonymous_58)
FNDA:0,(anonymous_59)
FNDA:0,(anonymous_60)
FNDA:0,(anonymous_61)
FNDA:0,(anonymous_62)
FNDA:0,(anonymous_63)
FNDA:0,(anonymous_64)
FNDA:0,(anonymous_65)
FNDA:0,(anonymous_66)
FNDA:0,(anonymous_67)
FNDA:0,(anonymous_68)
FNDA:0,(anonymous_69)
FNDA:0,(anonymous_70)
FNDA:0,(anonymous_71)
FNDA:0,(anonymous_72)
FNDA:0,(anonymous_73)
FNDA:0,(anonymous_74)
FNDA:0,(anonymous_75)
FNDA:0,(anonymous_76)
FNDA:0,(anonymous_77)
FNDA:0,(anonymous_78)
FNDA:0,(anonymous_79)
FNDA:0,(anonymous_80)
FNDA:0,(anonymous_81)
FNDA:0,(anonymous_82)
FNDA:0,(anonymous_83)
FNDA:0,(anonymous_84)
FNDA:0,(anonymous_85)
FNDA:0,(anonymous_86)
FNDA:0,(anonymous_87)
FNDA:0,(anonymous_88)
FNDA:0,(anonymous_89)
FNDA:0,(anonymous_90)
FNDA:0,(anonymous_91)
FNDA:0,(anonymous_92)
FNDA:0,(anonymous_93)
FNDA:0,(anonymous_94)
FNDA:0,(anonymous_95)
FNDA:0,(anonymous_96)
FNDA:0,(anonymous_97)
FNDA:0,(anonymous_98)
FNDA:0,(anonymous_99)
FNDA:0,(anonymous_100)
FNDA:0,(anonymous_101)
FNDA:0,(anonymous_102)
FNDA:0,(anonymous_103)
FNDA:0,(anonymous_104)
FNDA:0,(anonymous_105)
FNDA:0,(anonymous_106)
FNDA:0,(anonymous_107)
FNDA:0,(anonymous_108)
FNDA:0,(anonymous_109)
FNDA:0,(anonymous_110)
FNDA:0,(anonymous_111)
FNDA:0,(anonymous_112)
FNDA:0,(anonymous_113)
FNDA:0,(anonymous_114)
FNDA:0,(anonymous_115)
FNDA:0,(anonymous_116)
FNDA:0,(anonymous_117)
FNDA:0,(anonymous_118)
FNDA:0,(anonymous_119)
FNDA:0,(anonymous_120)
FNDA:0,(anonymous_121)
FNDA:0,(anonymous_122)
FNDA:0,(anonymous_123)
FNDA:0,(anonymous_124)
FNDA:0,(anonymous_125)
FNDA:0,(anonymous_126)
FNDA:0,(anonymous_127)
FNDA:0,(anonymous_128)
FNDA:0,(anonymous_129)
FNDA:0,(anonymous_130)
FNDA:0,(anonymous_131)
FNDA:0,(anonymous_132)
FNDA:0,(anonymous_133)
FNDA:0,(anonymous_134)
FNDA:0,(anonymous_135)
FNDA:0,(anonymous_136)
FNDA:0,(anonymous_137)
FNDA:0,(anonymous_138)
FNDA:0,(anonymous_139)
FNDA:0,(anonymous_140)
FNDA:0,(anonymous_141)
FNDA:0,(anonymous_142)
FNDA:0,(anonymous_143)
FNDA:0,(anonymous_144)
FNDA:0,(anonymous_145)
FNDA:0,(anonymous_146)
FNDA:0,(anonymous_147)
FNDA:0,(anonymous_148)
FNDA:0,(anonymous_149)
FNDA:0,(anonymous_150)
FNDA:0,(anonymous_151)
FNDA:0,(anonymous_152)
FNDA:0,(anonymous_153)
FNDA:0,(anonymous_154)
FNDA:0,(anonymous_155)
FNDA:0,(anonymous_156)
FNDA:0,(anonymous_157)
FNDA:0,(anonymous_158)
FNDA:0,(anonymous_159)
FNDA:0,(anonymous_160)
FNDA:0,(anonymous_161)
FNDA:0,(anonymous_162)
FNDA:0,(anonymous_163)
FNDA:0,(anonymous_164)
FNDA:0,(anonymous_165)
FNDA:0,(anonymous_166)
FNDA:0,(anonymous_167)
FNDA:0,(anonymous_168)
FNDA:0,(anonymous_169)
FNDA:0,(anonymous_170)
FNDA:0,(anonymous_171)
FNDA:0,(anonymous_172)
FNDA:5,(anonymous_173)
FNDA:0,(anonymous_174)
FNDA:0,(anonymous_175)
FNDA:0,(anonymous_176)
FNDA:0,(anonymous_177)
FNDA:0,(anonymous_178)
FNDA:0,(anonymous_179)
FNDA:0,(anonymous_180)
FNDA:0,(anonymous_181)
FNDA:0,(anonymous_182)
FNDA:0,(anonymous_183)
FNDA:0,(anonymous_184)
FNDA:0,(anonymous_185)
FNDA:0,(anonymous_186)
FNDA:0,(anonymous_187)
FNDA:0,(anonymous_188)
FNDA:0,(anonymous_189)
DA:24,22
DA:26,22
DA:27,22
DA:30,0
DA:31,0
DA:36,11
DA:37,11
DA:39,0
DA:40,0
DA:41,0
DA:46,22
DA:47,136
DA:49,32
DA:54,0
DA:55,0
DA:56,0
DA:57,0
DA:58,0
DA:59,0
DA:60,0
DA:61,0
DA:62,0
DA:64,0
DA:74,140
DA:75,140
DA:77,140
DA:80,126
DA:81,0
DA:82,0
DA:83,0
DA:84,0
DA:86,0
DA:87,0
DA:88,0
DA:92,126
DA:93,126
DA:94,126
DA:95,10
DA:96,10
DA:97,10
DA:99,10
DA:101,10
DA:103,116
DA:107,12
DA:112,11
DA:113,11
DA:117,73
DA:118,73
DA:119,73
DA:123,22
DA:125,0
DA:127,1
DA:131,0
DA:133,0
DA:137,0
DA:139,0
DA:140,1
DA:141,0
DA:142,32
DA:143,1
DA:144,32
DA:145,0
DA:146,0
DA:150,0
DA:152,0
DA:153,0
DA:155,5
DA:157,3
DA:158,0
DA:162,0
DA:163,5
DA:165,0
DA:169,1
DA:170,13
DA:172,0
DA:174,0
DA:178,2
DA:180,11
DA:181,11
DA:183,0
DA:185,0
DA:186,0
DA:187,4
DA:191,1
DA:192,10
DA:194,4
DA:195,4
DA:196,4
DA:197,4
DA:199,7
DA:201,1
DA:203,1
DA:207,0
DA:208,0
DA:210,0
DA:211,0
DA:214,0
DA:216,0
DA:217,0
DA:219,0
DA:220,0
DA:222,0
DA:223,0
DA:224,0
DA:225,0
DA:227,0
DA:228,0
DA:231,0
DA:233,0
DA:234,0
DA:236,0
DA:237,0
DA:240,0
DA:242,0
DA:244,0
DA:247,0
DA:249,0
DA:250,0
DA:253,0
DA:256,0
DA:257,0
DA:259,0
DA:260,0
DA:262,0
DA:263,0
DA:267,0
DA:268,0
DA:269,0
DA:270,0
DA:271,0
DA:272,0
DA:273,0
DA:274,0
DA:277,0
DA:279,0
DA:281,0
DA:283,0
DA:286,0
DA:290,0
DA:292,0
DA:294,0
DA:296,0
DA:298,0
DA:300,0
DA:302,0
DA:304,0
DA:308,0
DA:310,0
DA:311,0
DA:312,0
DA:315,0
DA:318,0
DA:320,0
DA:321,0
DA:322,0
DA:325,0
DA:328,0
DA:330,0
DA:331,0
DA:332,0
DA:335,0
DA:340,0
DA:341,0
DA:343,0
DA:345,0
DA:347,0
DA:349,0
DA:351,0
DA:355,0
DA:358,0
DA:361,0
DA:362,0
DA:364,0
DA:366,0
DA:370,0
DA:371,0
DA:373,0
DA:375,0
DA:377,0
DA:379,0
DA:381,0
DA:385,0
DA:386,0
DA:387,0
DA:388,0
DA:391,0
DA:393,0
DA:397,0
DA:399,0
DA:401,0
DA:403,0
DA:407,0
DA:411,0
DA:415,0
DA:417,0
DA:419,0
DA:423,0
DA:424,0
DA:428,0
DA:429,0
DA:430,0
DA:431,0
DA:432,0
DA:433,0
DA:436,0
DA:438,0
DA:440,0
DA:442,0
DA:446,0
DA:448,0
DA:450,0
DA:452,0
DA:456,0
DA:460,0
DA:464,0
DA:466,0
DA:468,0
DA:472,0
DA:473,0
DA:474,0
DA:475,0
DA:478,0
DA:480,0
DA:484,0
DA:485,0
DA:486,0
DA:489,0
DA:490,0
DA:491,0
DA:494,0
DA:496,0
DA:500,0
DA:502,0
DA:506,0
DA:508,0
DA:509,0
DA:512,0
DA:519,0
DA:520,0
DA:521,0
DA:530,0
DA:538,0
DA:546,0
DA:548,0
DA:552,0
DA:553,0
DA:554,0
DA:555,0
DA:556,0
DA:559,0
DA:561,5
DA:562,5
DA:563,5
DA:566,0
DA:574,0
DA:576,0
DA:578,0
DA:580,0
DA:582,0
DA:584,0
DA:586,0
DA:590,0
DA:592,0
DA:594,0
DA:596,0
DA:600,0
DA:602,0
DA:604,0
DA:606,0
LF:269
LH:54
BRDA:36,0,0,11
BRDA:36,0,1,0
BRDA:36,1,0,11
BRDA:36,1,1,11
BRDA:41,2,0,0
BRDA:41,2,1,0
BRDA:49,3,0,32
BRDA:49,3,1,0
BRDA:54,4,0,0
BRDA:54,4,1,0
BRDA:58,5,0,0
BRDA:58,5,1,0
BRDA:73,6,0,140
BRDA:74,7,0,140
BRDA:74,7,1,129
BRDA:75,8,0,0
BRDA:75,8,1,140
BRDA:80,9,0,0
BRDA:80,9,1,126
BRDA:80,10,0,126
BRDA:80,10,1,0
BRDA:80,10,2,0
BRDA:82,11,0,0
BRDA:82,11,1,0
BRDA:82,12,0,0
BRDA:82,12,1,0
BRDA:92,13,0,0
BRDA:92,13,1,126
BRDA:94,14,0,10
BRDA:94,14,1,116
BRDA:99,15,0,10
BRDA:99,15,1,0
BRDA:99,15,2,0
BRDA:103,16,0,116
BRDA:103,16,1,0
BRDA:113,17,0,11
BRDA:113,17,1,0
BRDA:118,18,0,0
BRDA:118,18,1,73
BRDA:152,19,0,0
BRDA:152,19,1,0
BRDA:180,20,0,6
BRDA:180,20,1,5
BRDA:195,21,0,4
BRDA:195,21,1,0
BRDA:196,22,0,4
BRDA:196,22,1,0
BRDA:196,23,0,4
BRDA:196,23,1,0
BRDA:262,24,0,0
BRDA:262,24,1,0
BRDA:311,25,0,0
BRDA:311,25,1,0
BRDA:315,26,0,0
BRDA:315,26,1,0
BRDA:315,27,0,0
BRDA:315,27,1,0
BRDA:321,28,0,0
BRDA:321,28,1,0
BRDA:325,29,0,0
BRDA:325,29,1,0
BRDA:325,30,0,0
BRDA:325,30,1,0
BRDA:331,31,0,0
BRDA:331,31,1,0
BRDA:335,32,0,0
BRDA:335,32,1,0
BRDA:335,33,0,0
BRDA:335,33,1,0
BRDA:340,34,0,0
BRDA:340,34,1,0
BRDA:347,35,0,0
BRDA:347,35,1,0
BRDA:349,36,0,0
BRDA:349,36,1,0
BRDA:356,37,0,0
BRDA:356,37,1,0
BRDA:359,38,0,0
BRDA:359,38,1,0
BRDA:361,39,0,0
BRDA:361,39,1,0
BRDA:370,40,0,0
BRDA:370,40,1,0
BRDA:386,41,0,0
BRDA:386,41,1,0
BRDA:387,42,0,0
BRDA:387,42,1,0
BRDA:387,43,0,0
BRDA:387,43,1,0
BRDA:429,44,0,0
BRDA:429,44,1,0
BRDA:430,45,0,0
BRDA:430,45,1,0
BRDA:430,46,0,0
BRDA:430,46,1,0
BRDA:431,47,0,0
BRDA:431,47,1,0
BRDA:431,48,0,0
BRDA:431,48,1,0
BRDA:432,49,0,0
BRDA:432,49,1,0
BRDA:432,50,0,0
BRDA:432,50,1,0
BRDA:473,51,0,0
BRDA:473,51,1,0
BRDA:474,52,0,0
BRDA:474,52,1,0
BRDA:474,53,0,0
BRDA:474,53,1,0
BRDA:485,54,0,0
BRDA:485,54,1,0
BRDA:490,55,0,0
BRDA:490,55,1,0
BRDA:508,56,0,0
BRDA:508,56,1,0
BRDA:520,57,0,0
BRDA:520,57,1,0
BRDA:553,58,0,0
BRDA:553,58,1,0
BRDA:553,59,0,0
BRDA:553,59,1,0
BRDA:554,60,0,0
BRDA:554,60,1,0
BRDA:555,61,0,0
BRDA:555,61,1,0
BRDA:562,62,0,5
BRDA:562,62,1,0
BRF:127
BRH:23
end_of_record
TN:
SF:src\api\keys.ts
FN:18,(anonymous_0)
FN:22,(anonymous_1)
FN:25,(anonymous_2)
FN:26,(anonymous_3)
FN:27,(anonymous_4)
FN:33,(anonymous_5)
FN:34,(anonymous_6)
FN:35,(anonymous_7)
FN:36,(anonymous_8)
FN:40,(anonymous_9)
FN:42,(anonymous_10)
FN:44,(anonymous_11)
FN:46,(anonymous_12)
FN:48,(anonymous_13)
FN:54,(anonymous_14)
FN:56,(anonymous_15)
FN:58,(anonymous_16)
FN:63,(anonymous_17)
FN:64,(anonymous_18)
FN:66,(anonymous_19)
FN:72,(anonymous_20)
FN:73,(anonymous_21)
FN:79,(anonymous_22)
FN:80,(anonymous_23)
FN:82,(anonymous_24)
FN:86,(anonymous_25)
FN:87,(anonymous_26)
FN:89,(anonymous_27)
FN:95,(anonymous_28)
FN:97,(anonymous_29)
FN:102,(anonymous_30)
FN:104,(anonymous_31)
FN:107,(anonymous_32)
FN:108,(anonymous_33)
FN:110,(anonymous_34)
FN:114,(anonymous_35)
FN:116,(anonymous_36)
FN:118,(anonymous_37)
FN:124,(anonymous_38)
FN:126,(anonymous_39)
FN:128,(anonymous_40)
FN:131,(anonymous_41)
FN:133,(anonymous_42)
FN:138,(anonymous_43)
FN:140,(anonymous_44)
FN:142,(anonymous_45)
FN:144,(anonymous_46)
FN:146,(anonymous_47)
FN:148,(anonymous_48)
FN:150,(anonymous_49)
FN:152,(anonymous_50)
FN:156,(anonymous_51)
FN:158,(anonymous_52)
FN:160,(anonymous_53)
FN:162,(anonymous_54)
FN:165,(anonymous_55)
FN:170,(anonymous_56)
FN:172,(anonymous_57)
FN:174,(anonymous_58)
FN:176,(anonymous_59)
FN:178,(anonymous_60)
FN:180,(anonymous_61)
FN:182,(anonymous_62)
FN:184,(anonymous_63)
FN:187,(anonymous_64)
FN:189,(anonymous_65)
FN:193,(anonymous_66)
FN:195,(anonymous_67)
FN:201,(anonymous_68)
FN:202,(anonymous_69)
FN:203,(anonymous_70)
FN:207,(anonymous_71)
FN:208,(anonymous_72)
FN:209,(anonymous_73)
FN:210,(anonymous_74)
FN:212,(anonymous_75)
FN:213,(anonymous_76)
FN:214,(anonymous_77)
FN:216,(anonymous_78)
FN:217,(anonymous_79)
FN:218,(anonymous_80)
FN:219,(anonymous_81)
FN:220,(anonymous_82)
FN:221,(anonymous_83)
FN:223,(anonymous_84)
FN:224,(anonymous_85)
FN:225,(anonymous_86)
FN:226,(anonymous_87)
FN:227,(anonymous_88)
FN:229,(anonymous_89)
FNF:90
FNH:8
FNDA:0,(anonymous_0)
FNDA:0,(anonymous_1)
FNDA:0,(anonymous_2)
FNDA:0,(anonymous_3)
FNDA:0,(anonymous_4)
FNDA:0,(anonymous_5)
FNDA:0,(anonymous_6)
FNDA:0,(anonymous_7)
FNDA:0,(anonymous_8)
FNDA:0,(anonymous_9)
FNDA:22,(anonymous_10)
FNDA:22,(anonymous_11)
FNDA:67,(anonymous_12)
FNDA:0,(anonymous_13)
FNDA:31,(anonymous_14)
FNDA:0,(anonymous_15)
FNDA:13,(anonymous_16)
FNDA:39,(anonymous_17)
FNDA:44,(anonymous_18)
FNDA:38,(anonymous_19)
FNDA:0,(anonymous_20)
FNDA:0,(anonymous_21)
FNDA:0,(anonymous_22)
FNDA:0,(anonymous_23)
FNDA:0,(anonymous_24)
FNDA:0,(anonymous_25)
FNDA:0,(anonymous_26)
FNDA:0,(anonymous_27)
FNDA:0,(anonymous_28)
FNDA:0,(anonymous_29)
FNDA:0,(anonymous_30)
FNDA:0,(anonymous_31)
FNDA:0,(anonymous_32)
FNDA:0,(anonymous_33)
FNDA:0,(anonymous_34)
FNDA:0,(anonymous_35)
FNDA:0,(anonymous_36)
FNDA:0,(anonymous_37)
FNDA:0,(anonymous_38)
FNDA:0,(anonymous_39)
FNDA:0,(anonymous_40)
FNDA:0,(anonymous_41)
FNDA:0,(anonymous_42)
FNDA:0,(anonymous_43)
FNDA:0,(anonymous_44)
FNDA:0,(anonymous_45)
FNDA:0,(anonymous_46)
FNDA:0,(anonymous_47)
FNDA:0,(anonymous_48)
FNDA:0,(anonymous_49)
FNDA:0,(anonymous_50)
FNDA:0,(anonymous_51)
FNDA:0,(anonymous_52)
FNDA:0,(anonymous_53)
FNDA:0,(anonymous_54)
FNDA:0,(anonymous_55)
FNDA:0,(anonymous_56)
FNDA:0,(anonymous_57)
FNDA:0,(anonymous_58)
FNDA:0,(anonymous_59)
FNDA:0,(anonymous_60)
FNDA:0,(anonymous_61)
FNDA:0,(anonymous_62)
FNDA:0,(anonymous_63)
FNDA:0,(anonymous_64)
FNDA:0,(anonymous_65)
FNDA:0,(anonymous_66)
FNDA:0,(anonymous_67)
FNDA:0,(anonymous_68)
FNDA:0,(anonymous_69)
FNDA:0,(anonymous_70)
FNDA:0,(anonymous_71)
FNDA:0,(anonymous_72)
FNDA:0,(anonymous_73)
FNDA:0,(anonymous_74)
FNDA:0,(anonymous_75)
FNDA:0,(anonymous_76)
FNDA:0,(anonymous_77)
FNDA:0,(anonymous_78)
FNDA:0,(anonymous_79)
FNDA:0,(anonymous_80)
FNDA:0,(anonymous_81)
FNDA:0,(anonymous_82)
FNDA:0,(anonymous_83)
FNDA:0,(anonymous_84)
FNDA:0,(anonymous_85)
FNDA:0,(anonymous_86)
FNDA:0,(anonymous_87)
FNDA:0,(anonymous_88)
FNDA:0,(anonymous_89)
DA:15,9
DA:18,9
DA:20,9
DA:22,0
DA:25,0
DA:26,0
DA:27,0
DA:33,0
DA:34,0
DA:35,0
DA:36,0
DA:41,0
DA:43,22
DA:45,22
DA:47,67
DA:49,0
DA:55,31
DA:57,0
DA:58,13
DA:63,39
DA:65,44
DA:67,38
DA:72,0
DA:74,0
DA:79,0
DA:81,0
DA:83,0
DA:86,0
DA:88,0
DA:90,0
DA:96,0
DA:98,0
DA:103,0
DA:105,0
DA:107,0
DA:109,0
DA:111,0
DA:115,0
DA:117,0
DA:119,0
DA:125,0
DA:127,0
DA:129,0
DA:132,0
DA:134,0
DA:139,0
DA:141,0
DA:143,0
DA:145,0
DA:147,0
DA:149,0
DA:151,0
DA:153,0
DA:157,0
DA:159,0
DA:161,0
DA:163,0
DA:166,0
DA:171,0
DA:173,0
DA:175,0
DA:177,0
DA:179,0
DA:181,0
DA:183,0
DA:185,0
DA:188,0
DA:190,0
DA:194,0
DA:196,0
DA:201,0
DA:202,0
DA:203,0
DA:207,0
DA:208,0
DA:209,0
DA:211,0
DA:212,0
DA:213,0
DA:214,0
DA:216,0
DA:217,0
DA:218,0
DA:219,0
DA:220,0
DA:221,0
DA:223,0
DA:224,0
DA:225,0
DA:226,0
DA:228,0
DA:229,0
LF:92
LH:11
BRDA:41,0,0,0
BRDA:41,0,1,0
BRDA:55,1,0,31
BRDA:55,1,1,16
BRDA:67,2,0,38
BRDA:67,2,1,0
BRDA:96,3,0,0
BRDA:96,3,1,0
BRDA:115,4,0,0
BRDA:115,4,1,0
BRDA:125,5,0,0
BRDA:125,5,1,0
BRDA:134,6,0,0
BRDA:134,6,1,0
BRDA:139,7,0,0
BRDA:139,7,1,0
BRDA:211,8,0,0
BRDA:211,8,1,0
BRF:18
BRH:3
end_of_record
TN:
SF:src\api\queryClient.ts
FN:15,makeQueryClient
FN:21,(anonymous_1)
FN:45,getQueryClient
FNF:3
FNH:0
FNDA:0,makeQueryClient
FNDA:0,(anonymous_1)
FNDA:0,getQueryClient
DA:16,0
DA:23,0
DA:24,0
DA:25,0
DA:27,0
DA:46,0
DA:47,0
DA:49,0
DA:50,0
DA:52,0
LF:10
LH:0
BRDA:23,0,0,0
BRDA:23,0,1,0
BRDA:25,1,0,0
BRDA:25,1,1,0
BRDA:25,2,0,0
BRDA:25,2,1,0
BRDA:25,2,2,0
BRDA:25,2,3,0
BRDA:46,3,0,0
BRDA:46,3,1,0
BRDA:49,4,0,0
BRDA:49,4,1,0
BRF:12
BRH:0
end_of_record
TN:
SF:src\api\types.ts
FNF:0
FNH:0
LF:0
LH:0
BRF:0
BRH:0
end_of_record
TN:
SF:src\auth\context.tsx
FN:21,AuthProvider
FN:29,(anonymous_1)
FN:51,(anonymous_2)
FN:53,(anonymous_3)
FN:54,(anonymous_4)
FN:56,(anonymous_5)
FN:59,(anonymous_6)
FN:65,(anonymous_7)
FN:71,(anonymous_8)
FN:72,(anonymous_9)
FN:80,(anonymous_10)
FN:91,(anonymous_11)
FN:107,useAuth
FNF:13
FNH:7
FNDA:155,AuthProvider
FNDA:78,(anonymous_1)
FNDA:78,(anonymous_2)
FNDA:78,(anonymous_3)
FNDA:0,(anonymous_4)
FNDA:78,(anonymous_5)
FNDA:0,(anonymous_6)
FNDA:0,(anonymous_7)
FNDA:0,(anonymous_8)
FNDA:0,(anonymous_9)
FNDA:0,(anonymous_10)
FNDA:324,(anonymous_11)
FNDA:318,useAuth
DA:19,15
DA:22,155
DA:23,155
DA:24,155
DA:25,155
DA:27,155
DA:29,155
DA:30,78
DA:31,78
DA:32,72
DA:33,72
DA:34,78
DA:35,72
DA:36,72
DA:37,72
DA:38,72
DA:39,72
DA:40,72
DA:41,0
DA:44,6
DA:45,6
DA:46,6
DA:48,78
DA:51,155
DA:53,155
DA:54,78
DA:55,78
DA:56,78
DA:59,155
DA:60,0
DA:61,0
DA:62,0
DA:65,155
DA:66,0
DA:67,0
DA:68,0
DA:71,155
DA:72,0
DA:73,0
DA:74,0
DA:75,0
DA:76,0
DA:77,0
DA:80,155
DA:81,0
DA:82,0
DA:83,0
DA:84,0
DA:85,0
DA:86,0
DA:87,0
DA:88,0
DA:91,155
DA:92,324
DA:93,101
DA:96,155
DA:108,318
DA:109,318
DA:110,318
LF:59
LH:38
BRDA:33,0,0,72
BRDA:33,0,1,0
BRDA:34,1,0,72
BRDA:34,1,1,6
BRDA:39,2,0,72
BRDA:39,2,1,0
BRDA:86,3,0,0
BRDA:86,3,1,0
BRDA:92,4,0,223
BRDA:92,4,1,101
BRDA:109,5,0,0
BRDA:109,5,1,318
BRF:12
BRH:7
end_of_record
TN:
SF:src\auth\permissions.ts
FN:124,isPermission
FNF:1
FNH:1
FNDA:6,isPermission
DA:16,3
DA:121,3
DA:125,6
LF:3
LH:3
BRF:0
BRH:0
end_of_record
TN:
SF:src\components\CommandPalette.tsx
FN:57,CommandPalette
FN:71,(anonymous_1)
FN:72,(anonymous_2)
FN:79,(anonymous_3)
FN:83,(anonymous_4)
FN:85,(anonymous_5)
FN:87,(anonymous_6)
FN:92,(anonymous_7)
FN:96,(anonymous_8)
FN:98,(anonymous_9)
FN:106,(anonymous_10)
FN:113,(anonymous_11)
FN:125,(anonymous_12)
FN:127,(anonymous_13)
FN:127,(anonymous_14)
FN:133,(anonymous_15)
FNF:16
FNH:0
FNDA:0,CommandPalette
FNDA:0,(anonymous_1)
FNDA:0,(anonymous_2)
FNDA:0,(anonymous_3)
FNDA:0,(anonymous_4)
FNDA:0,(anonymous_5)
FNDA:0,(anonymous_6)
FNDA:0,(anonymous_7)
FNDA:0,(anonymous_8)
FNDA:0,(anonymous_9)
FNDA:0,(anonymous_10)
FNDA:0,(anonymous_11)
FNDA:0,(anonymous_12)
FNDA:0,(anonymous_13)
FNDA:0,(anonymous_14)
FNDA:0,(anonymous_15)
DA:30,0
DA:45,0
DA:68,0
DA:71,0
DA:72,0
DA:73,0
DA:74,0
DA:75,0
DA:78,0
DA:79,0
DA:83,0
DA:84,0
DA:85,0
DA:86,0
DA:87,0
DA:90,0
DA:92,0
DA:95,0
DA:96,0
DA:98,0
DA:99,0
DA:100,0
DA:103,0
DA:106,0
DA:113,0
DA:126,0
DA:127,0
DA:128,0
DA:129,0
DA:133,0
LF:30
LH:0
BRDA:73,0,0,0
BRDA:73,0,1,0
BRDA:73,1,0,0
BRDA:73,1,1,0
BRDA:73,1,2,0
BRDA:84,2,0,0
BRDA:84,2,1,0
BRDA:85,3,0,0
BRDA:85,3,1,0
BRDA:90,4,0,0
BRDA:90,4,1,0
BRDA:92,5,0,0
BRDA:92,5,1,0
BRDA:92,5,2,0
BRDA:92,5,3,0
BRF:15
BRH:0
end_of_record
TN:
SF:src\components\ErrorBoundary.tsx
FN:25,getDerivedStateFromError
FN:29,componentDidCatch
FN:34,(anonymous_2)
FN:39,render
FNF:4
FNH:0
FNDA:0,getDerivedStateFromError
FNDA:0,componentDidCatch
FNDA:0,(anonymous_2)
FNDA:0,render
DA:23,0
DA:26,0
DA:31,0
DA:34,0
DA:35,0
DA:36,0
DA:40,0
DA:41,0
DA:68,0
LF:9
LH:0
BRDA:40,0,0,0
BRDA:40,0,1,0
BRDA:52,1,0,0
BRDA:52,1,1,0
BRDA:52,1,2,0
BRF:5
BRH:0
end_of_record
TN:
SF:src\components\PageState.tsx
FN:16,TableSkeleton
FN:19,(anonymous_1)
FN:21,(anonymous_2)
FN:31,CardGridSkeleton
FN:34,(anonymous_4)
FN:46,ErrorState
FN:78,EmptyState
FN:107,InlineSpinner
FNF:8
FNH:8
FNDA:31,TableSkeleton
FNDA:105,(anonymous_1)
FNDA:270,(anonymous_2)
FNDA:4,CardGridSkeleton
FNDA:20,(anonymous_4)
FNDA:5,ErrorState
FNDA:16,EmptyState
FNDA:11,InlineSpinner
DA:17,31
DA:20,105
DA:22,270
DA:32,4
DA:35,20
DA:53,5
DA:89,16
DA:108,11
LF:8
LH:8
BRDA:16,0,0,31
BRDA:16,1,0,31
BRDA:31,2,0,4
BRDA:47,3,0,5
BRDA:64,4,0,5
BRDA:64,4,1,5
BRDA:79,5,0,16
BRDA:95,6,0,16
BRDA:95,6,1,16
BRDA:99,7,0,16
BRDA:99,7,1,15
BRDA:107,8,0,11
BRF:12
BRH:12
end_of_record
TN:
SF:src\components\Toaster.tsx
FN:15,Toaster
FN:31,icon
FN:40,(anonymous_2)
FN:42,(anonymous_3)
FN:44,(anonymous_4)
FN:46,(anonymous_5)
FN:49,(anonymous_6)
FNF:7
FNH:5
FNDA:43,Toaster
FNDA:7,icon
FNDA:4,(anonymous_2)
FNDA:0,(anonymous_3)
FNDA:1,(anonymous_4)
FNDA:0,(anonymous_5)
FNDA:2,(anonymous_6)
DA:16,43
DA:32,7
DA:33,7
DA:34,3
DA:35,1
DA:36,0
DA:39,14
DA:41,4
DA:43,0
DA:45,1
DA:47,0
DA:50,2
DA:51,2
LF:13
LH:10
BRDA:33,0,0,4
BRDA:33,0,1,3
BRDA:34,1,0,2
BRDA:34,1,1,1
BRDA:35,2,0,1
BRDA:35,2,1,0
BRDA:50,3,0,2
BRDA:50,3,1,0
BRF:8
BRH:6
end_of_record
TN:
SF:src\components\layout\AppLayout.tsx
FN:57,initials
FN:59,(anonymous_1)
FN:62,NavLink
FN:72,(anonymous_3)
FN:89,AppLayout
FN:100,(anonymous_5)
FN:101,(anonymous_6)
FN:104,(anonymous_7)
FN:108,(anonymous_8)
FN:111,(anonymous_9)
FN:112,(anonymous_10)
FN:118,(anonymous_11)
FN:136,(anonymous_12)
FN:140,(anonymous_13)
FN:147,(anonymous_14)
FN:149,(anonymous_15)
FN:155,(anonymous_16)
FN:157,(anonymous_17)
FN:164,(anonymous_18)
FN:166,(anonymous_19)
FN:201,(anonymous_20)
FN:230,(anonymous_21)
FN:230,(anonymous_22)
FN:243,(anonymous_23)
FN:247,(anonymous_24)
FN:264,(anonymous_25)
FN:274,(anonymous_26)
FNF:27
FNH:0
FNDA:0,initials
FNDA:0,(anonymous_1)
FNDA:0,NavLink
FNDA:0,(anonymous_3)
FNDA:0,AppLayout
FNDA:0,(anonymous_5)
FNDA:0,(anonymous_6)
FNDA:0,(anonymous_7)
FNDA:0,(anonymous_8)
FNDA:0,(anonymous_9)
FNDA:0,(anonymous_10)
FNDA:0,(anonymous_11)
FNDA:0,(anonymous_12)
FNDA:0,(anonymous_13)
FNDA:0,(anonymous_14)
FNDA:0,(anonymous_15)
FNDA:0,(anonymous_16)
FNDA:0,(anonymous_17)
FNDA:0,(anonymous_18)
FNDA:0,(anonymous_19)
FNDA:0,(anonymous_20)
FNDA:0,(anonymous_21)
FNDA:0,(anonymous_22)
FNDA:0,(anonymous_23)
FNDA:0,(anonymous_24)
FNDA:0,(anonymous_25)
FNDA:0,(anonymous_26)
DA:27,0
DA:40,0
DA:45,0
DA:58,0
DA:59,0
DA:68,0
DA:69,0
DA:72,0
DA:90,0
DA:91,0
DA:92,0
DA:93,0
DA:94,0
DA:95,0
DA:96,0
DA:97,0
DA:100,0
DA:101,0
DA:102,0
DA:103,0
DA:104,0
DA:107,0
DA:108,0
DA:111,0
DA:112,0
DA:114,0
DA:115,0
DA:116,0
DA:118,0
DA:119,0
DA:122,0
DA:136,0
DA:140,0
DA:148,0
DA:149,0
DA:156,0
DA:157,0
DA:165,0
DA:166,0
DA:175,0
DA:201,0
DA:216,0
DA:230,0
DA:243,0
DA:247,0
DA:264,0
DA:274,0
LF:47
LH:0
BRDA:58,0,0,0
BRDA:58,0,1,0
BRDA:59,1,0,0
BRDA:59,1,1,0
BRDA:59,2,0,0
BRDA:59,2,1,0
BRDA:73,3,0,0
BRDA:73,3,1,0
BRDA:74,4,0,0
BRDA:74,4,1,0
BRDA:77,5,0,0
BRDA:77,5,1,0
BRDA:78,6,0,0
BRDA:78,6,1,0
BRDA:84,7,0,0
BRDA:84,7,1,0
BRDA:102,8,0,0
BRDA:102,8,1,0
BRDA:102,9,0,0
BRDA:102,9,1,0
BRDA:102,9,2,0
BRDA:112,10,0,0
BRDA:112,10,1,0
BRDA:116,11,0,0
BRDA:116,11,1,0
BRDA:119,12,0,0
BRDA:119,12,1,0
BRDA:124,13,0,0
BRDA:124,13,1,0
BRDA:128,14,0,0
BRDA:128,14,1,0
BRDA:132,15,0,0
BRDA:132,15,1,0
BRDA:132,15,2,0
BRDA:132,15,3,0
BRDA:135,16,0,0
BRDA:135,16,1,0
BRDA:159,17,0,0
BRDA:159,17,1,0
BRDA:161,18,0,0
BRDA:161,18,1,0
BRDA:186,19,0,0
BRDA:186,19,1,0
BRDA:189,20,0,0
BRDA:189,20,1,0
BRDA:190,21,0,0
BRDA:190,21,1,0
BRDA:191,22,0,0
BRDA:191,22,1,0
BRDA:205,23,0,0
BRDA:205,23,1,0
BRDA:206,24,0,0
BRDA:206,24,1,0
BRDA:222,25,0,0
BRDA:222,25,1,0
BRDA:232,26,0,0
BRDA:232,26,1,0
BRDA:235,27,0,0
BRDA:235,27,1,0
BRDA:241,28,0,0
BRDA:241,28,1,0
BRDA:289,29,0,0
BRDA:289,29,1,0
BRF:63
BRH:0
end_of_record
TN:
SF:src\components\theme\ThemeProvider.tsx
FN:17,getSystemTheme
FN:22,applyTheme
FN:27,ThemeProvider
FN:28,(anonymous_3)
FN:32,(anonymous_4)
FN:37,(anonymous_5)
FN:44,(anonymous_6)
FN:50,(anonymous_7)
FN:53,(anonymous_8)
FN:58,(anonymous_9)
FN:69,useTheme
FNF:11
FNH:7
FNDA:86,getSystemTheme
FNDA:43,applyTheme
FNDA:43,ThemeProvider
FNDA:43,(anonymous_3)
FNDA:43,(anonymous_4)
FNDA:43,(anonymous_5)
FNDA:0,(anonymous_6)
FNDA:43,(anonymous_7)
FNDA:0,(anonymous_8)
FNDA:0,(anonymous_9)
FNDA:0,useTheme
DA:13,10
DA:15,10
DA:18,86
DA:19,86
DA:23,43
DA:24,43
DA:28,43
DA:29,43
DA:30,43
DA:32,43
DA:33,43
DA:37,43
DA:38,43
DA:39,43
DA:40,43
DA:42,43
DA:43,43
DA:44,43
DA:45,0
DA:46,0
DA:47,0
DA:49,43
DA:50,43
DA:53,43
DA:54,0
DA:55,0
DA:58,43
DA:59,0
DA:62,43
DA:70,0
DA:71,0
DA:72,0
LF:32
LH:23
BRDA:18,0,0,0
BRDA:18,0,1,86
BRDA:19,1,0,0
BRDA:19,1,1,86
BRDA:29,2,0,0
BRDA:29,2,1,43
BRDA:30,3,0,43
BRDA:30,3,1,43
BRDA:33,4,0,43
BRDA:33,4,1,0
BRDA:38,5,0,43
BRDA:38,5,1,0
BRDA:42,6,0,0
BRDA:42,6,1,43
BRDA:59,7,0,0
BRDA:59,7,1,0
BRDA:71,8,0,0
BRDA:71,8,1,0
BRF:18
BRH:8
end_of_record
TN:
SF:src\components\ui\alert.tsx
FN:22,Alert
FN:37,AlertTitle
FN:50,AlertDescription
FN:66,AlertAction
FNF:4
FNH:0
FNDA:0,Alert
FNDA:0,AlertTitle
FNDA:0,AlertDescription
FNDA:0,AlertAction
DA:6,0
DA:27,0
DA:38,0
DA:54,0
DA:67,0
LF:5
LH:0
BRF:0
BRH:0
end_of_record
TN:
SF:src\components\ui\avatar.tsx
FN:5,Avatar
FN:21,AvatarImage
FN:34,AvatarFallback
FNF:3
FNH:0
FNDA:0,Avatar
FNDA:0,AvatarImage
FNDA:0,AvatarFallback
DA:9,0
DA:25,0
DA:38,0
LF:3
LH:0
BRF:0
BRH:0
end_of_record
TN:
SF:src\components\ui\badge.tsx
FN:30,Badge
FNF:1
FNH:0
FNDA:0,Badge
DA:7,0
DA:36,0
LF:2
LH:0
BRDA:32,0,0,0
BRF:1
BRH:0
end_of_record
TN:
SF:src\components\ui\button.tsx
FN:43,Button
FNF:1
FNH:1
FNDA:264,Button
DA:6,11
DA:49,264
LF:2
LH:2
BRDA:45,0,0,264
BRDA:46,1,0,264
BRF:2
BRH:2
end_of_record
TN:
SF:src\components\ui\card.tsx
FN:5,Card
FN:23,CardHeader
FN:36,CardTitle
FN:49,CardDescription
FN:59,CardAction
FN:72,CardContent
FN:82,CardFooter
FNF:7
FNH:1
FNDA:257,Card
FNDA:0,CardHeader
FNDA:0,CardTitle
FNDA:0,CardDescription
FNDA:0,CardAction
FNDA:0,CardContent
FNDA:0,CardFooter
DA:10,257
DA:24,0
DA:37,0
DA:50,0
DA:60,0
DA:73,0
DA:83,0
LF:7
LH:1
BRDA:7,0,0,257
BRF:1
BRH:1
end_of_record
TN:
SF:src\components\ui\dialog.tsx
FN:8,Dialog
FN:12,DialogTrigger
FN:16,DialogPortal
FN:20,DialogClose
FN:24,DialogOverlay
FN:40,DialogContent
FN:81,DialogHeader
FN:91,DialogFooter
FN:118,DialogTitle
FN:131,DialogDescription
FNF:10
FNH:0
FNDA:0,Dialog
FNDA:0,DialogTrigger
FNDA:0,DialogPortal
FNDA:0,DialogClose
FNDA:0,DialogOverlay
FNDA:0,DialogContent
FNDA:0,DialogHeader
FNDA:0,DialogFooter
FNDA:0,DialogTitle
FNDA:0,DialogDescription
DA:9,0
DA:13,0
DA:17,0
DA:21,0
DA:28,0
DA:48,0
DA:82,0
DA:99,0
DA:119,0
DA:135,0
LF:10
LH:0
BRDA:43,0,0,0
BRDA:60,1,0,0
BRDA:60,1,1,0
BRDA:93,2,0,0
BRDA:109,3,0,0
BRDA:109,3,1,0
BRF:6
BRH:0
end_of_record
TN:
SF:src\components\ui\dropdown-menu.tsx
FN:5,DropdownMenu
FN:11,DropdownMenuTrigger
FN:17,DropdownMenuContent
FN:47,DropdownMenuItem
FN:63,DropdownMenuCheckboxItem
FN:89,DropdownMenuSeparator
FN:102,DropdownMenuLabel
FN:115,DropdownMenuGroup
FNF:8
FNH:0
FNDA:0,DropdownMenu
FNDA:0,DropdownMenuTrigger
FNDA:0,DropdownMenuContent
FNDA:0,DropdownMenuItem
FNDA:0,DropdownMenuCheckboxItem
FNDA:0,DropdownMenuSeparator
FNDA:0,DropdownMenuLabel
FNDA:0,DropdownMenuGroup
DA:8,0
DA:14,0
DA:29,0
DA:51,0
DA:69,0
DA:93,0
DA:106,0
DA:118,0
LF:8
LH:0
BRDA:19,0,0,0
BRF:1
BRH:0
end_of_record
TN:
SF:src\components\ui\input.tsx
FN:6,Input
FNF:1
FNH:1
FNDA:104,Input
DA:7,104
LF:1
LH:1
BRF:0
BRH:0
end_of_record
TN:
SF:src\components\ui\label.tsx
FN:5,Label
FNF:1
FNH:1
FNDA:238,Label
DA:6,238
LF:1
LH:1
BRF:0
BRH:0
end_of_record
TN:
SF:src\components\ui\select.tsx
FN:9,SelectGroup
FN:19,SelectValue
FN:29,SelectTrigger
FN:57,SelectContent
FN:96,SelectLabel
FN:109,SelectItem
FN:137,SelectSeparator
FN:150,SelectScrollUpButton
FN:169,SelectScrollDownButton
FNF:9
FNH:3
FNDA:0,SelectGroup
FNDA:119,SelectValue
FNDA:119,SelectTrigger
FNDA:119,SelectContent
FNDA:0,SelectLabel
FNDA:0,SelectItem
FNDA:0,SelectSeparator
FNDA:0,SelectScrollUpButton
FNDA:0,SelectScrollDownButton
DA:7,7
DA:10,0
DA:20,119
DA:37,119
DA:71,119
DA:100,0
DA:114,0
DA:141,0
DA:154,0
DA:173,0
LF:10
LH:4
BRDA:31,0,0,119
BRDA:60,1,0,119
BRDA:61,2,0,119
BRDA:62,3,0,119
BRDA:63,4,0,119
BRDA:64,5,0,119
BRF:6
BRH:6
end_of_record
TN:
SF:src\components\ui\separator.tsx
FN:5,Separator
FNF:1
FNH:0
FNDA:0,Separator
DA:10,0
LF:1
LH:0
BRDA:7,0,0,0
BRF:1
BRH:0
end_of_record
TN:
SF:src\components\ui\sheet.tsx
FN:17,Sheet
FN:23,SheetTrigger
FN:29,SheetClose
FN:35,SheetContent
FN:88,SheetHeader
FN:98,SheetFooter
FN:111,SheetTitle
FN:124,SheetDescription
FNF:8
FNH:0
FNDA:0,Sheet
FNDA:0,SheetTrigger
FNDA:0,SheetClose
FNDA:0,SheetContent
FNDA:0,SheetHeader
FNDA:0,SheetFooter
FNDA:0,SheetTitle
FNDA:0,SheetDescription
DA:7,0
DA:10,0
DA:20,0
DA:26,0
DA:32,0
DA:47,0
DA:89,0
DA:99,0
DA:115,0
DA:128,0
LF:10
LH:0
BRDA:38,0,0,0
BRDA:55,1,0,0
BRDA:55,1,1,0
BRDA:57,2,0,0
BRDA:57,2,1,0
BRDA:59,3,0,0
BRDA:59,3,1,0
BRDA:61,4,0,0
BRDA:61,4,1,0
BRDA:50,5,0,0
BRDA:50,5,1,0
BRDA:50,5,2,0
BRDA:70,6,0,0
BRDA:70,6,1,0
BRDA:75,7,0,0
BRDA:75,7,1,0
BRF:16
BRH:0
end_of_record
TN:
SF:src\components\ui\skeleton.tsx
FN:5,Skeleton
FNF:1
FNH:1
FNDA:330,Skeleton
DA:6,330
LF:1
LH:1
BRF:0
BRH:0
end_of_record
TN:
SF:src\components\ui\status-badge.tsx
FN:42,StatusBadge
FNF:1
FNH:1
FNDA:138,StatusBadge
DA:19,8
DA:49,138
LF:2
LH:2
BRDA:45,0,0,138
BRDA:56,1,0,138
BRDA:56,1,1,4
BRDA:61,2,0,4
BRDA:61,2,1,4
BRDA:62,3,0,4
BRDA:62,3,1,0
BRDA:63,4,0,4
BRDA:63,4,1,0
BRDA:64,5,0,4
BRDA:64,5,1,0
BRDA:64,6,0,4
BRDA:64,6,1,4
BRDA:64,6,2,0
BRF:14
BRH:10
end_of_record
TN:
SF:src\components\ui\table.tsx
FN:7,Table
FN:22,TableHeader
FN:32,TableBody
FN:42,TableFooter
FN:55,TableRow
FN:68,TableHead
FN:81,TableCell
FN:94,TableCaption
FNF:8
FNH:6
FNDA:6,Table
FNDA:6,TableHeader
FNDA:6,TableBody
FNDA:0,TableFooter
FNDA:17,TableRow
FNDA:24,TableHead
FNDA:44,TableCell
FNDA:0,TableCaption
DA:1,2
DA:8,6
DA:23,6
DA:33,6
DA:43,0
DA:56,17
DA:69,24
DA:82,44
DA:98,0
LF:9
LH:7
BRF:0
BRH:0
end_of_record
TN:
SF:src\components\ui\tabs.tsx
FN:5,Tabs
FN:18,TabsList
FN:34,TabsTrigger
FN:50,TabsContent
FNF:4
FNH:3
FNDA:13,Tabs
FNDA:13,TabsList
FNDA:78,TabsTrigger
FNDA:0,TabsContent
DA:9,13
DA:22,13
DA:38,78
DA:54,0
LF:4
LH:3
BRF:0
BRH:0
end_of_record
TN:
SF:src\components\ui\textarea.tsx
FN:5,Textarea
FNF:1
FNH:1
FNDA:54,Textarea
DA:6,54
LF:1
LH:1
BRF:0
BRH:0
end_of_record
TN:
SF:src\components\ui\tooltip.tsx
FN:5,TooltipProvider
FN:9,Tooltip
FN:17,TooltipTrigger
FN:23,TooltipContent
FNF:4
FNH:0
FNDA:0,TooltipProvider
FNDA:0,Tooltip
FNDA:0,TooltipTrigger
FNDA:0,TooltipContent
DA:6,0
DA:10,0
DA:20,0
DA:31,0
LF:4
LH:0
BRDA:25,0,0,0
BRF:1
BRH:0
end_of_record
TN:
SF:src\features\account\SecurityPage.tsx
FN:5,isWebAuthnAvailable
FN:12,base64urlToBuffer
FN:22,bufferToBase64url
FN:29,SecurityPage
FN:45,(anonymous_4)
FN:58,(anonymous_5)
FN:60,(anonymous_6)
FN:71,(anonymous_7)
FN:86,(anonymous_8)
FN:97,(anonymous_9)
FN:147,(anonymous_10)
FN:162,(anonymous_11)
FN:194,(anonymous_12)
FN:223,(anonymous_13)
FN:234,(anonymous_14)
FN:269,(anonymous_15)
FN:294,(anonymous_16)
FN:299,(anonymous_17)
FN:319,(anonymous_18)
FN:334,(anonymous_19)
FN:352,(anonymous_20)
FNF:21
FNH:15
FNDA:22,isWebAuthnAvailable
FNDA:4,base64urlToBuffer
FNDA:6,bufferToBase64url
FNDA:29,SecurityPage
FNDA:13,(anonymous_4)
FNDA:9,(anonymous_5)
FNDA:1,(anonymous_6)
FNDA:1,(anonymous_7)
FNDA:0,(anonymous_8)
FNDA:2,(anonymous_9)
FNDA:0,(anonymous_10)
FNDA:0,(anonymous_11)
FNDA:1,(anonymous_12)
FNDA:0,(anonymous_13)
FNDA:0,(anonymous_14)
FNDA:1,(anonymous_15)
FNDA:10,(anonymous_16)
FNDA:0,(anonymous_17)
FNDA:8,(anonymous_18)
FNDA:1,(anonymous_19)
FNDA:1,(anonymous_20)
DA:6,22
DA:13,4
DA:14,4
DA:15,4
DA:16,4
DA:17,38
DA:18,4
DA:23,6
DA:24,6
DA:25,128
DA:26,6
DA:30,29
DA:31,29
DA:32,29
DA:33,29
DA:34,29
DA:35,29
DA:36,29
DA:37,29
DA:40,29
DA:41,29
DA:42,29
DA:43,29
DA:45,29
DA:46,13
DA:47,13
DA:48,13
DA:50,13
DA:51,13
DA:52,10
DA:55,13
DA:58,29
DA:60,29
DA:61,1
DA:62,1
DA:63,1
DA:64,1
DA:66,0
DA:68,1
DA:71,29
DA:72,1
DA:73,1
DA:74,1
DA:75,1
DA:76,1
DA:78,1
DA:79,1
DA:80,1
DA:82,0
DA:86,29
DA:87,0
DA:88,0
DA:89,0
DA:90,0
DA:92,0
DA:97,29
DA:98,2
DA:99,2
DA:100,2
DA:101,0
DA:102,0
DA:103,0
DA:105,2
DA:106,2
DA:107,2
DA:109,2
DA:123,2
DA:124,2
DA:126,2
DA:127,2
DA:137,2
DA:138,2
DA:139,2
DA:140,2
DA:142,0
DA:144,2
DA:147,29
DA:148,0
DA:149,0
DA:150,0
DA:151,0
DA:152,0
DA:153,0
DA:155,0
DA:156,0
DA:158,0
DA:162,0
DA:170,0
DA:171,0
DA:173,0
DA:174,0
DA:186,0
DA:187,0
DA:189,0
DA:191,0
DA:194,29
DA:195,1
DA:196,1
DA:197,1
DA:198,1
DA:200,0
DA:204,29
DA:206,20
DA:224,0
DA:234,0
DA:269,1
DA:295,10
DA:299,0
DA:320,8
DA:334,1
DA:352,1
LF:111
LH:78
BRDA:6,0,0,22
BRDA:6,0,1,22
BRDA:6,0,2,14
BRDA:48,1,0,13
BRDA:48,1,1,0
BRDA:52,2,0,10
BRDA:52,2,1,0
BRDA:66,3,0,0
BRDA:66,3,1,0
BRDA:72,4,0,0
BRDA:72,4,1,1
BRDA:72,5,0,1
BRDA:72,5,1,1
BRDA:82,6,0,0
BRDA:82,6,1,0
BRDA:92,7,0,0
BRDA:92,7,1,0
BRDA:100,8,0,0
BRDA:100,8,1,2
BRDA:105,9,0,2
BRDA:105,9,1,1
BRDA:118,10,0,2
BRDA:118,10,1,0
BRDA:120,11,0,2
BRDA:120,11,1,2
BRDA:124,12,0,0
BRDA:124,12,1,2
BRDA:142,13,0,0
BRDA:142,13,1,0
BRDA:142,14,0,0
BRDA:142,14,1,0
BRDA:150,15,0,0
BRDA:150,15,1,0
BRDA:162,16,0,0
BRDA:162,16,1,0
BRDA:165,17,0,0
BRDA:165,17,1,0
BRDA:167,18,0,0
BRDA:167,18,1,0
BRDA:171,19,0,0
BRDA:171,19,1,0
BRDA:182,20,0,0
BRDA:182,20,1,0
BRDA:189,21,0,0
BRDA:189,21,1,0
BRDA:189,22,0,0
BRDA:189,22,1,0
BRDA:200,23,0,0
BRDA:200,23,1,0
BRDA:204,24,0,9
BRDA:204,24,1,20
BRDA:209,25,0,20
BRDA:209,25,1,0
BRDA:214,26,0,0
BRDA:214,26,1,20
BRDA:221,27,0,29
BRDA:221,27,1,0
BRDA:227,28,0,0
BRDA:227,28,1,0
BRDA:246,29,0,29
BRDA:246,29,1,17
BRDA:246,29,2,16
BRDA:253,30,0,1
BRDA:253,30,1,15
BRDA:257,31,0,29
BRDA:257,31,1,3
BRDA:287,32,0,29
BRDA:287,32,1,1
BRDA:311,33,0,8
BRDA:311,33,1,12
BRDA:317,34,0,12
BRDA:317,34,1,7
BRDA:323,35,0,7
BRDA:323,35,1,1
BRDA:326,36,0,8
BRDA:326,36,1,0
BRDA:332,37,0,8
BRDA:332,37,1,7
BRDA:363,38,0,2
BRDA:363,38,1,10
BRDA:368,39,0,12
BRDA:368,39,1,10
BRDA:375,40,0,12
BRDA:375,40,1,2
BRF:84
BRH:44
end_of_record
TN:
SF:src\features\admin\AdminApprovals.tsx
FN:8,formatRemaining
FN:18,ExpiryBadge
FN:31,AdminApprovals
FN:44,(anonymous_3)
FN:54,(anonymous_4)
FN:57,(anonymous_5)
FN:63,(anonymous_6)
FN:67,(anonymous_7)
FN:72,(anonymous_8)
FN:74,(anonymous_9)
FN:75,(anonymous_10)
FN:75,(anonymous_11)
FN:80,(anonymous_12)
FN:83,(anonymous_13)
FN:93,(anonymous_14)
FN:119,(anonymous_15)
FN:122,(anonymous_16)
FN:138,(anonymous_17)
FN:180,(anonymous_18)
FN:184,(anonymous_19)
FN:191,(anonymous_20)
FNF:21
FNH:15
FNDA:2,formatRemaining
FNDA:14,ExpiryBadge
FNDA:34,AdminApprovals
FNDA:15,(anonymous_3)
FNDA:13,(anonymous_4)
FNDA:29,(anonymous_5)
FNDA:0,(anonymous_6)
FNDA:0,(anonymous_7)
FNDA:13,(anonymous_8)
FNDA:0,(anonymous_9)
FNDA:0,(anonymous_10)
FNDA:0,(anonymous_11)
FNDA:12,(anonymous_12)
FNDA:1,(anonymous_13)
FNDA:1,(anonymous_14)
FNDA:110,(anonymous_15)
FNDA:1,(anonymous_16)
FNDA:18,(anonymous_17)
FNDA:0,(anonymous_18)
FNDA:1,(anonymous_19)
FNDA:1,(anonymous_20)
DA:9,2
DA:10,2
DA:11,1
DA:12,1
DA:13,1
DA:14,1
DA:15,1
DA:19,14
DA:20,2
DA:22,12
DA:23,10
DA:25,2
DA:26,1
DA:28,1
DA:32,34
DA:33,34
DA:34,34
DA:35,34
DA:36,34
DA:37,34
DA:38,34
DA:39,34
DA:40,34
DA:42,34
DA:44,34
DA:45,15
DA:46,15
DA:47,15
DA:49,0
DA:51,15
DA:54,34
DA:57,34
DA:58,29
DA:59,4
DA:60,4
DA:61,2
DA:62,2
DA:63,2
DA:64,2
DA:65,2
DA:66,2
DA:67,2
DA:72,34
DA:73,13
DA:74,12
DA:75,0
DA:80,12
DA:83,34
DA:84,1
DA:85,1
DA:86,1
DA:87,1
DA:89,0
DA:93,34
DA:94,1
DA:95,1
DA:96,1
DA:97,1
DA:99,0
DA:103,34
DA:105,22
DA:120,110
DA:122,1
DA:139,18
DA:180,0
DA:184,1
DA:191,1
LF:67
LH:62
BRDA:9,0,0,0
BRDA:9,0,1,2
BRDA:10,1,0,1
BRDA:10,1,1,1
BRDA:13,2,0,0
BRDA:13,2,1,1
BRDA:19,3,0,2
BRDA:19,3,1,12
BRDA:22,4,0,10
BRDA:22,4,1,2
BRDA:25,5,0,1
BRDA:25,5,1,1
BRDA:25,6,0,2
BRDA:25,6,1,1
BRDA:47,7,0,15
BRDA:47,7,1,0
BRDA:58,8,0,25
BRDA:58,8,1,4
BRDA:60,9,0,2
BRDA:60,9,1,2
BRDA:61,10,0,2
BRDA:61,10,1,0
BRDA:64,11,0,2
BRDA:64,11,1,0
BRDA:65,12,0,2
BRDA:65,12,1,0
BRDA:73,13,0,1
BRDA:73,13,1,12
BRDA:77,14,0,0
BRDA:77,14,1,0
BRDA:86,15,0,1
BRDA:86,15,1,1
BRDA:89,16,0,0
BRDA:89,16,1,0
BRDA:96,17,0,1
BRDA:96,17,1,1
BRDA:99,18,0,0
BRDA:99,18,1,0
BRDA:103,19,0,12
BRDA:103,19,1,22
BRDA:109,20,0,22
BRDA:109,20,1,4
BRDA:115,21,0,34
BRDA:115,21,1,0
BRDA:124,22,0,22
BRDA:124,22,1,88
BRDA:134,23,0,11
BRDA:134,23,1,11
BRDA:144,24,0,18
BRDA:144,24,1,16
BRDA:145,25,0,18
BRDA:145,25,1,17
BRDA:150,26,0,0
BRDA:150,26,1,18
BRDA:151,27,0,8
BRDA:151,27,1,10
BRDA:152,28,0,9
BRDA:152,28,1,1
BRDA:159,29,0,18
BRDA:159,29,1,4
BRDA:162,30,0,18
BRDA:162,30,1,10
BRDA:162,30,2,8
BRDA:162,30,3,7
BRDA:168,31,0,18
BRDA:168,31,1,0
BRDA:168,31,2,0
BRDA:174,32,0,18
BRDA:174,32,1,18
BRDA:174,32,2,16
BRDA:179,33,0,16
BRDA:179,33,1,16
BRF:72
BRH:56
end_of_record
TN:
SF:src\features\admin\AdminAssetActions.tsx
FN:4,AdminAssetActions
FN:9,(anonymous_1)
FN:17,(anonymous_2)
FN:27,(anonymous_3)
FN:55,(anonymous_4)
FNF:5
FNH:0
FNDA:0,AdminAssetActions
FNDA:0,(anonymous_1)
FNDA:0,(anonymous_2)
FNDA:0,(anonymous_3)
FNDA:0,(anonymous_4)
DA:5,0
DA:6,0
DA:7,0
DA:9,0
DA:10,0
DA:11,0
DA:12,0
DA:14,0
DA:17,0
DA:19,0
DA:21,0
DA:27,0
DA:56,0
LF:13
LH:0
BRDA:11,0,0,0
BRDA:11,0,1,0
BRDA:12,1,0,0
BRDA:12,1,1,0
BRDA:19,2,0,0
BRDA:19,2,1,0
BRDA:40,3,0,0
BRDA:40,3,1,0
BRDA:60,4,0,0
BRDA:60,4,1,0
BRDA:61,5,0,0
BRDA:61,5,1,0
BRDA:62,6,0,0
BRDA:62,6,1,0
BRDA:63,7,0,0
BRDA:63,7,1,0
BRDA:68,8,0,0
BRDA:68,8,1,0
BRDA:71,9,0,0
BRDA:71,9,1,0
BRDA:74,10,0,0
BRDA:74,10,1,0
BRF:22
BRH:0
end_of_record
TN:
SF:src\features\admin\AdminAudit.tsx
FN:4,AdminAudit
FN:8,(anonymous_1)
FN:10,(anonymous_2)
FN:10,(anonymous_3)
FN:23,(anonymous_4)
FNF:5
FNH:0
FNDA:0,AdminAudit
FNDA:0,(anonymous_1)
FNDA:0,(anonymous_2)
FNDA:0,(anonymous_3)
FNDA:0,(anonymous_4)
DA:5,0
DA:6,0
DA:8,0
DA:9,0
DA:10,0
DA:13,0
DA:24,0
LF:7
LH:0
BRDA:16,0,0,0
BRDA:16,0,1,0
BRDA:26,1,0,0
BRDA:26,1,1,0
BRDA:24,2,0,0
BRDA:24,2,1,0
BRDA:31,3,0,0
BRDA:31,3,1,0
BRF:8
BRH:0
end_of_record
TN:
SF:src\features\admin\AdminIntegrations.tsx
FN:4,AdminIntegrations
FN:21,(anonymous_1)
FN:34,(anonymous_2)
FN:36,(anonymous_3)
FN:42,(anonymous_4)
FN:43,(anonymous_5)
FN:57,(anonymous_6)
FN:67,(anonymous_7)
FN:78,(anonymous_8)
FN:81,(anonymous_9)
FN:90,(anonymous_10)
FN:107,(anonymous_11)
FN:116,(anonymous_12)
FN:122,(anonymous_13)
FN:132,(anonymous_14)
FN:137,(anonymous_15)
FN:142,(anonymous_16)
FN:146,(anonymous_17)
FN:173,(anonymous_18)
FN:194,(anonymous_19)
FN:195,(anonymous_20)
FNF:21
FNH:0
FNDA:0,AdminIntegrations
FNDA:0,(anonymous_1)
FNDA:0,(anonymous_2)
FNDA:0,(anonymous_3)
FNDA:0,(anonymous_4)
FNDA:0,(anonymous_5)
FNDA:0,(anonymous_6)
FNDA:0,(anonymous_7)
FNDA:0,(anonymous_8)
FNDA:0,(anonymous_9)
FNDA:0,(anonymous_10)
FNDA:0,(anonymous_11)
FNDA:0,(anonymous_12)
FNDA:0,(anonymous_13)
FNDA:0,(anonymous_14)
FNDA:0,(anonymous_15)
FNDA:0,(anonymous_16)
FNDA:0,(anonymous_17)
FNDA:0,(anonymous_18)
FNDA:0,(anonymous_19)
FNDA:0,(anonymous_20)
DA:5,0
DA:6,0
DA:7,0
DA:8,0
DA:9,0
DA:10,0
DA:13,0
DA:14,0
DA:15,0
DA:16,0
DA:17,0
DA:19,0
DA:21,0
DA:22,0
DA:23,0
DA:24,0
DA:25,0
DA:26,0
DA:28,0
DA:30,0
DA:34,0
DA:36,0
DA:37,0
DA:38,0
DA:39,0
DA:40,0
DA:42,0
DA:43,0
DA:46,0
DA:47,0
DA:48,0
DA:49,0
DA:51,0
DA:53,0
DA:57,0
DA:58,0
DA:59,0
DA:60,0
DA:61,0
DA:63,0
DA:67,0
DA:68,0
DA:69,0
DA:70,0
DA:71,0
DA:72,0
DA:74,0
DA:78,0
DA:79,0
DA:80,0
DA:81,0
DA:84,0
DA:86,0
DA:90,0
DA:107,0
DA:116,0
DA:122,0
DA:132,0
DA:137,0
DA:142,0
DA:146,0
DA:174,0
DA:194,0
DA:195,0
LF:64
LH:0
BRDA:19,0,0,0
BRDA:19,0,1,0
BRDA:22,1,0,0
BRDA:22,1,1,0
BRDA:37,2,0,0
BRDA:37,2,1,0
BRDA:58,3,0,0
BRDA:58,3,1,0
BRDA:58,4,0,0
BRDA:58,4,1,0
BRDA:68,5,0,0
BRDA:68,5,1,0
BRDA:68,6,0,0
BRDA:68,6,1,0
BRDA:84,7,0,0
BRDA:84,7,1,0
BRDA:91,8,0,0
BRDA:91,8,1,0
BRDA:95,9,0,0
BRDA:95,9,1,0
BRDA:98,10,0,0
BRDA:98,10,1,0
BRDA:108,11,0,0
BRDA:108,11,1,0
BRDA:117,12,0,0
BRDA:117,12,1,0
BRDA:127,13,0,0
BRDA:127,13,1,0
BRDA:149,14,0,0
BRDA:149,14,1,0
BRDA:149,14,2,0
BRDA:149,14,3,0
BRDA:151,15,0,0
BRDA:151,15,1,0
BRDA:174,16,0,0
BRDA:174,16,1,0
BRDA:177,17,0,0
BRDA:177,17,1,0
BRDA:178,18,0,0
BRDA:178,18,1,0
BRDA:180,19,0,0
BRDA:180,19,1,0
BRDA:182,20,0,0
BRDA:182,20,1,0
BRDA:184,21,0,0
BRDA:184,21,1,0
BRDA:184,22,0,0
BRDA:184,22,1,0
BRDA:190,23,0,0
BRDA:190,23,1,0
BRDA:192,24,0,0
BRDA:192,24,1,0
BRDA:201,25,0,0
BRDA:201,25,1,0
BRF:54
BRH:0
end_of_record
TN:
SF:src\features\admin\AdminMetrics.tsx
FN:5,MetricCard
FN:16,SectionCard
FN:27,AdminMetrics
FN:35,(anonymous_3)
FN:42,(anonymous_4)
FN:43,(anonymous_5)
FN:49,(anonymous_6)
FN:74,(anonymous_7)
FNF:8
FNH:7
FNDA:150,MetricCard
FNDA:24,SectionCard
FNDA:27,AdminMetrics
FNDA:13,(anonymous_3)
FNDA:6,(anonymous_4)
FNDA:0,(anonymous_5)
FNDA:6,(anonymous_6)
FNDA:12,(anonymous_7)
DA:6,150
DA:17,24
DA:28,27
DA:29,27
DA:30,27
DA:31,27
DA:33,27
DA:35,27
DA:36,13
DA:37,7
DA:38,7
DA:40,6
DA:41,6
DA:42,6
DA:44,0
DA:45,0
DA:46,0
DA:49,6
DA:52,27
DA:53,15
DA:60,12
DA:61,0
DA:64,12
DA:65,0
DA:72,12
DA:74,6
DA:75,12
DA:76,5
DA:79,6
LF:29
LH:24
BRDA:9,0,0,150
BRDA:9,0,1,72
BRDA:33,1,0,27
BRDA:33,1,1,15
BRDA:36,2,0,7
BRDA:36,2,1,6
BRDA:42,3,0,6
BRDA:42,3,1,0
BRDA:44,4,0,0
BRDA:44,4,1,0
BRDA:45,5,0,0
BRDA:45,5,1,0
BRDA:52,6,0,15
BRDA:52,6,1,12
BRDA:60,7,0,0
BRDA:60,7,1,12
BRDA:64,8,0,0
BRDA:64,8,1,12
BRDA:72,9,0,6
BRDA:72,9,1,6
BRDA:75,10,0,7
BRDA:75,10,1,5
BRDA:109,11,0,6
BRDA:109,11,1,1
BRDA:110,12,0,27
BRDA:110,12,1,1
BRDA:111,13,0,27
BRDA:111,13,1,1
BRDA:112,14,0,27
BRDA:112,14,1,1
BRDA:113,15,0,27
BRDA:113,15,1,1
BRDA:114,16,0,27
BRDA:114,16,1,1
BRDA:115,17,0,27
BRDA:115,17,1,1
BRDA:116,18,0,27
BRDA:116,18,1,1
BRF:38
BRH:31
end_of_record
TN:
SF:src\features\admin\AdminOps.tsx
FN:33,(anonymous_0)
FN:48,(anonymous_1)
FN:63,StatCard
FN:72,BackupBadge
FN:86,AdminOps
FN:97,(anonymous_5)
FN:101,(anonymous_6)
FN:102,(anonymous_7)
FN:103,(anonymous_8)
FN:104,(anonymous_9)
FN:105,(anonymous_10)
FN:106,(anonymous_11)
FN:123,(anonymous_12)
FN:126,(anonymous_13)
FN:145,(anonymous_14)
FN:244,(anonymous_15)
FN:277,(anonymous_16)
FN:307,(anonymous_17)
FN:336,(anonymous_18)
FNF:19
FNH:6
FNDA:0,(anonymous_0)
FNDA:0,(anonymous_1)
FNDA:30,StatCard
FNDA:6,BackupBadge
FNDA:6,AdminOps
FNDA:3,(anonymous_5)
FNDA:0,(anonymous_6)
FNDA:0,(anonymous_7)
FNDA:0,(anonymous_8)
FNDA:0,(anonymous_9)
FNDA:0,(anonymous_10)
FNDA:0,(anonymous_11)
FNDA:3,(anonymous_12)
FNDA:3,(anonymous_13)
FNDA:0,(anonymous_14)
FNDA:0,(anonymous_15)
FNDA:0,(anonymous_16)
FNDA:0,(anonymous_17)
FNDA:0,(anonymous_18)
DA:33,1
DA:34,0
DA:37,0
DA:40,0
DA:42,0
DA:44,0
DA:48,1
DA:49,0
DA:52,0
DA:55,0
DA:57,0
DA:59,0
DA:64,30
DA:73,6
DA:79,6
DA:87,6
DA:88,6
DA:89,6
DA:90,6
DA:91,6
DA:92,6
DA:93,6
DA:94,6
DA:95,6
DA:97,6
DA:98,3
DA:99,3
DA:101,0
DA:102,0
DA:103,0
DA:104,0
DA:105,0
DA:106,0
DA:108,3
DA:109,3
DA:110,3
DA:111,3
DA:112,3
DA:113,3
DA:114,3
DA:115,3
DA:117,0
DA:119,3
DA:123,6
DA:124,3
DA:125,3
DA:126,3
DA:129,6
DA:131,3
DA:146,0
DA:147,0
DA:245,0
DA:278,0
DA:308,0
DA:337,0
LF:55
LH:32
BRDA:34,0,0,0
BRDA:34,0,1,0
BRDA:34,0,2,0
BRDA:34,0,3,0
BRDA:34,0,4,0
BRDA:34,0,5,0
BRDA:49,1,0,0
BRDA:49,1,1,0
BRDA:49,1,2,0
BRDA:49,1,3,0
BRDA:49,1,4,0
BRDA:49,1,5,0
BRDA:66,2,0,0
BRDA:66,2,1,30
BRDA:80,3,0,6
BRDA:80,3,1,0
BRDA:129,4,0,3
BRDA:129,4,1,3
BRDA:129,5,0,6
BRDA:129,5,1,3
BRDA:138,6,0,3
BRDA:138,6,1,0
BRDA:141,7,0,6
BRDA:141,7,1,0
BRDA:150,8,0,0
BRDA:150,8,1,0
BRDA:151,9,0,0
BRDA:151,9,1,0
BRDA:151,10,0,0
BRDA:151,10,1,0
BRDA:153,11,0,0
BRDA:153,11,1,0
BRDA:158,12,0,0
BRDA:158,12,1,0
BRDA:163,13,0,6
BRDA:163,13,1,3
BRDA:170,14,0,3
BRDA:170,14,1,0
BRDA:171,15,0,2
BRDA:171,15,1,1
BRDA:187,16,0,3
BRDA:187,16,1,0
BRDA:188,17,0,2
BRDA:188,17,1,1
BRDA:205,18,0,2
BRDA:205,18,1,1
BRDA:206,19,0,0
BRDA:206,19,1,1
BRDA:209,20,0,3
BRDA:209,20,1,0
BRDA:211,21,0,3
BRDA:211,21,1,2
BRDA:211,21,2,2
BRDA:222,22,0,6
BRDA:222,22,1,3
BRDA:252,23,0,0
BRDA:252,23,1,0
BRDA:282,24,0,0
BRDA:282,24,1,0
BRDA:283,25,0,0
BRDA:283,25,1,0
BRDA:286,26,0,6
BRDA:286,26,1,3
BRDA:310,27,0,0
BRDA:310,27,1,0
BRDA:314,28,0,6
BRDA:314,28,1,3
BRDA:340,29,0,0
BRDA:340,29,1,0
BRDA:344,30,0,6
BRDA:344,30,1,3
BRF:71
BRH:31
end_of_record
TN:
SF:src\features\admin\AdminSetup.tsx
FN:4,AdminSetup
FN:8,(anonymous_1)
FN:11,(anonymous_2)
FN:12,(anonymous_3)
FN:31,(anonymous_4)
FN:69,(anonymous_5)
FNF:6
FNH:0
FNDA:0,AdminSetup
FNDA:0,(anonymous_1)
FNDA:0,(anonymous_2)
FNDA:0,(anonymous_3)
FNDA:0,(anonymous_4)
FNDA:0,(anonymous_5)
DA:5,0
DA:6,0
DA:8,0
DA:9,0
DA:12,0
DA:15,0
DA:16,0
DA:18,0
DA:26,0
DA:32,0
DA:33,0
DA:70,0
LF:12
LH:0
BRDA:15,0,0,0
BRDA:15,0,1,0
BRDA:16,1,0,0
BRDA:16,1,1,0
BRDA:23,2,0,0
BRDA:23,2,1,0
BRDA:35,3,0,0
BRDA:35,3,1,0
BRDA:36,4,0,0
BRDA:36,4,1,0
BRDA:40,5,0,0
BRDA:40,5,1,0
BRDA:42,6,0,0
BRDA:42,6,1,0
BRDA:43,7,0,0
BRDA:43,7,1,0
BRDA:60,8,0,0
BRDA:60,8,1,0
BRDA:69,9,0,0
BRDA:69,9,1,0
BRF:20
BRH:0
end_of_record
TN:
SF:src\features\admin\AdminTeams.tsx
FN:4,AdminTeams
FN:8,(anonymous_1)
FN:10,(anonymous_2)
FN:10,(anonymous_3)
FN:18,(anonymous_4)
FNF:5
FNH:0
FNDA:0,AdminTeams
FNDA:0,(anonymous_1)
FNDA:0,(anonymous_2)
FNDA:0,(anonymous_3)
FNDA:0,(anonymous_4)
DA:5,0
DA:6,0
DA:8,0
DA:9,0
DA:10,0
DA:13,0
DA:19,0
LF:7
LH:0
BRDA:16,0,0,0
BRDA:16,0,1,0
BRDA:22,1,0,0
BRDA:22,1,1,0
BRF:4
BRH:0
end_of_record
TN:
SF:src\features\admin\AdminUsers.tsx
FN:4,AdminUsers
FN:8,(anonymous_1)
FN:10,(anonymous_2)
FN:10,(anonymous_3)
FN:13,(anonymous_4)
FN:27,(anonymous_5)
FN:34,(anonymous_6)
FNF:7
FNH:0
FNDA:0,AdminUsers
FNDA:0,(anonymous_1)
FNDA:0,(anonymous_2)
FNDA:0,(anonymous_3)
FNDA:0,(anonymous_4)
FNDA:0,(anonymous_5)
FNDA:0,(anonymous_6)
DA:5,0
DA:6,0
DA:8,0
DA:9,0
DA:10,0
DA:13,0
DA:14,0
DA:17,0
DA:28,0
DA:34,0
LF:10
LH:0
BRDA:20,0,0,0
BRDA:20,0,1,0
BRDA:31,1,0,0
BRDA:31,1,1,0
BRDA:32,2,0,0
BRDA:32,2,1,0
BRDA:35,3,0,0
BRDA:35,3,1,0
BRF:8
BRH:0
end_of_record
TN:
SF:src\features\admin\AgentEvaluationPanel.tsx
FN:33,AgentEvaluationPanel
FN:39,(anonymous_1)
FN:41,(anonymous_2)
FN:42,(anonymous_3)
FN:48,(anonymous_4)
FN:50,(anonymous_5)
FN:54,(anonymous_6)
FN:58,(anonymous_7)
FN:139,(anonymous_8)
FN:157,(anonymous_9)
FNF:10
FNH:8
FNDA:22,AgentEvaluationPanel
FNDA:11,(anonymous_1)
FNDA:11,(anonymous_2)
FNDA:0,(anonymous_3)
FNDA:10,(anonymous_4)
FNDA:1,(anonymous_5)
FNDA:1,(anonymous_6)
FNDA:0,(anonymous_7)
FNDA:60,(anonymous_8)
FNDA:24,(anonymous_9)
DA:34,22
DA:35,22
DA:36,22
DA:37,22
DA:39,22
DA:40,11
DA:41,11
DA:43,0
DA:44,0
DA:48,22
DA:50,22
DA:51,1
DA:52,1
DA:53,1
DA:55,1
DA:56,1
DA:59,0
DA:60,0
DA:64,22
DA:66,12
DA:68,22
DA:140,60
DA:157,24
LF:23
LH:19
BRDA:43,0,0,0
BRDA:43,0,1,0
BRDA:59,1,0,0
BRDA:59,1,1,0
BRDA:64,2,0,10
BRDA:64,2,1,12
BRDA:77,3,0,22
BRDA:77,3,1,0
BRDA:88,4,0,1
BRDA:88,4,1,11
BRDA:92,5,0,22
BRDA:92,5,1,0
BRDA:92,5,2,0
BRDA:99,6,0,22
BRDA:99,6,1,12
BRDA:99,6,2,12
BRDA:114,7,0,12
BRDA:114,7,1,12
BRDA:123,8,0,22
BRDA:123,8,1,12
BRDA:123,8,2,12
BRDA:123,8,3,12
BRDA:143,9,0,48
BRDA:143,9,1,12
BRDA:155,10,0,12
BRDA:155,10,1,48
BRF:26
BRH:19
end_of_record
TN:
SF:src\features\admin\ContextQualityPanel.tsx
FN:4,ContextQualityPanel
FN:10,(anonymous_1)
FN:13,(anonymous_2)
FN:14,(anonymous_3)
FN:20,(anonymous_4)
FN:23,(anonymous_5)
FN:26,(anonymous_6)
FN:29,(anonymous_7)
FN:32,(anonymous_8)
FN:35,(anonymous_9)
FN:38,(anonymous_10)
FN:40,(anonymous_11)
FN:43,(anonymous_12)
FN:91,(anonymous_13)
FN:104,(anonymous_14)
FN:111,(anonymous_15)
FN:119,(anonymous_16)
FN:136,(anonymous_17)
FN:141,(anonymous_18)
FN:149,(anonymous_19)
FNF:20
FNH:15
FNDA:24,ContextQualityPanel
FNDA:10,(anonymous_1)
FNDA:10,(anonymous_2)
FNDA:0,(anonymous_3)
FNDA:10,(anonymous_4)
FNDA:1,(anonymous_5)
FNDA:1,(anonymous_6)
FNDA:1,(anonymous_7)
FNDA:0,(anonymous_8)
FNDA:1,(anonymous_9)
FNDA:1,(anonymous_10)
FNDA:1,(anonymous_11)
FNDA:0,(anonymous_12)
FNDA:28,(anonymous_13)
FNDA:28,(anonymous_14)
FNDA:1,(anonymous_15)
FNDA:1,(anonymous_16)
FNDA:14,(anonymous_17)
FNDA:0,(anonymous_18)
FNDA:0,(anonymous_19)
DA:5,24
DA:6,24
DA:7,24
DA:8,24
DA:10,24
DA:11,10
DA:12,10
DA:13,10
DA:15,0
DA:16,0
DA:17,0
DA:20,10
DA:23,24
DA:24,1
DA:25,1
DA:28,1
DA:29,1
DA:30,1
DA:32,0
DA:35,24
DA:36,1
DA:37,1
DA:39,1
DA:40,1
DA:41,1
DA:43,0
DA:46,24
DA:48,14
DA:49,0
DA:56,14
DA:58,14
DA:61,24
DA:92,28
DA:105,28
DA:111,1
DA:119,1
DA:137,14
DA:141,0
DA:149,0
LF:39
LH:31
BRDA:13,0,0,10
BRDA:13,0,1,0
BRDA:15,1,0,0
BRDA:15,1,1,0
BRDA:16,2,0,0
BRDA:16,2,1,0
BRDA:46,3,0,10
BRDA:46,3,1,14
BRDA:48,4,0,0
BRDA:48,4,1,14
BRDA:56,5,0,0
BRDA:56,5,1,14
BRDA:58,6,0,14
BRDA:58,6,1,0
BRDA:59,7,0,0
BRDA:59,7,1,0
BRDA:88,8,0,24
BRDA:88,8,1,14
BRDA:101,9,0,24
BRDA:101,9,1,14
BRDA:133,10,0,24
BRDA:133,10,1,14
BRDA:163,11,0,24
BRDA:163,11,1,0
BRDA:163,11,2,0
BRDA:163,11,3,0
BRF:26
BRH:13
end_of_record
TN:
SF:src\features\admin\PolicySimulationPanel.tsx
FN:54,PolicySimulationPanel
FN:69,(anonymous_1)
FN:76,(anonymous_2)
FN:77,(anonymous_3)
FN:83,(anonymous_4)
FN:84,(anonymous_5)
FN:103,(anonymous_6)
FN:114,(anonymous_7)
FN:123,(anonymous_8)
FN:132,(anonymous_9)
FN:180,(anonymous_10)
FN:211,(anonymous_11)
FNF:12
FNH:6
FNDA:34,PolicySimulationPanel
FNDA:4,(anonymous_1)
FNDA:4,(anonymous_2)
FNDA:0,(anonymous_3)
FNDA:0,(anonymous_4)
FNDA:0,(anonymous_5)
FNDA:132,(anonymous_6)
FNDA:0,(anonymous_7)
FNDA:0,(anonymous_8)
FNDA:0,(anonymous_9)
FNDA:7,(anonymous_10)
FNDA:4,(anonymous_11)
DA:40,3
DA:47,3
DA:55,34
DA:56,34
DA:57,34
DA:58,34
DA:59,34
DA:61,34
DA:62,1
DA:69,33
DA:70,4
DA:71,4
DA:72,4
DA:76,4
DA:78,0
DA:79,0
DA:83,33
DA:84,0
DA:90,33
DA:104,132
DA:114,0
DA:123,0
DA:132,0
DA:181,7
DA:212,4
LF:25
LH:19
BRDA:61,0,0,1
BRDA:61,0,1,33
BRDA:78,1,0,0
BRDA:78,1,1,0
BRDA:114,2,0,0
BRDA:114,2,1,0
BRDA:150,3,0,4
BRDA:150,3,1,29
BRDA:154,4,0,34
BRDA:154,4,1,0
BRDA:159,5,0,34
BRDA:159,5,1,4
BRDA:186,6,0,7
BRDA:186,6,1,0
BRDA:187,7,0,7
BRDA:187,7,1,0
BRDA:191,8,0,3
BRDA:191,8,1,4
BRDA:194,9,0,3
BRDA:194,9,1,4
BRDA:197,10,0,4
BRDA:197,10,1,3
BRDA:209,11,0,4
BRDA:209,11,1,0
BRF:24
BRH:16
end_of_record
TN:
SF:src\features\agents\AgentsPage.tsx
FN:5,AgentsPage
FN:15,(anonymous_1)
FN:17,loadAgents
FN:22,loadRuns
FN:26,selectAgent
FN:33,loadIntentions
FN:37,createAgent
FN:51,disableAgent
FN:56,createGrant
FN:71,revokeGrant
FN:79,(anonymous_10)
FN:86,(anonymous_11)
FN:98,(anonymous_12)
FN:102,(anonymous_13)
FN:113,(anonymous_14)
FN:115,(anonymous_15)
FN:142,(anonymous_16)
FN:156,(anonymous_17)
FN:168,(anonymous_18)
FN:175,(anonymous_19)
FN:195,(anonymous_20)
FN:200,(anonymous_21)
FN:215,(anonymous_22)
FNF:23
FNH:0
FNDA:0,AgentsPage
FNDA:0,(anonymous_1)
FNDA:0,loadAgents
FNDA:0,loadRuns
FNDA:0,selectAgent
FNDA:0,loadIntentions
FNDA:0,createAgent
FNDA:0,disableAgent
FNDA:0,createGrant
FNDA:0,revokeGrant
FNDA:0,(anonymous_10)
FNDA:0,(anonymous_11)
FNDA:0,(anonymous_12)
FNDA:0,(anonymous_13)
FNDA:0,(anonymous_14)
FNDA:0,(anonymous_15)
FNDA:0,(anonymous_16)
FNDA:0,(anonymous_17)
FNDA:0,(anonymous_18)
FNDA:0,(anonymous_19)
FNDA:0,(anonymous_20)
FNDA:0,(anonymous_21)
FNDA:0,(anonymous_22)
DA:6,0
DA:7,0
DA:8,0
DA:9,0
DA:10,0
DA:11,0
DA:12,0
DA:13,0
DA:15,0
DA:18,0
DA:19,0
DA:23,0
DA:27,0
DA:28,0
DA:29,0
DA:30,0
DA:34,0
DA:38,0
DA:39,0
DA:40,0
DA:41,0
DA:46,0
DA:47,0
DA:52,0
DA:53,0
DA:57,0
DA:58,0
DA:59,0
DA:60,0
DA:61,0
DA:66,0
DA:67,0
DA:72,0
DA:73,0
DA:76,0
DA:77,0
DA:79,0
DA:81,0
DA:86,0
DA:98,0
DA:102,0
DA:114,0
DA:115,0
DA:142,0
DA:156,0
DA:169,0
DA:175,0
DA:196,0
DA:200,0
DA:216,0
LF:50
LH:0
BRDA:44,0,0,0
BRDA:44,0,1,0
BRDA:52,1,0,0
BRDA:52,1,1,0
BRDA:58,2,0,0
BRDA:58,2,1,0
BRDA:72,3,0,0
BRDA:72,3,1,0
BRDA:76,4,0,0
BRDA:76,4,1,0
BRDA:77,5,0,0
BRDA:77,5,1,0
BRDA:85,6,0,0
BRDA:85,6,1,0
BRDA:92,7,0,0
BRDA:92,7,1,0
BRDA:111,8,0,0
BRDA:111,8,1,0
BRDA:116,9,0,0
BRDA:116,9,1,0
BRDA:119,10,0,0
BRDA:119,10,1,0
BRDA:132,11,0,0
BRDA:132,11,1,0
BRDA:138,12,0,0
BRDA:138,12,1,0
BRDA:141,13,0,0
BRDA:141,13,1,0
BRDA:141,13,2,0
BRDA:152,14,0,0
BRDA:152,14,1,0
BRDA:164,15,0,0
BRDA:164,15,1,0
BRDA:172,16,0,0
BRDA:172,16,1,0
BRDA:173,17,0,0
BRDA:173,17,1,0
BRDA:174,18,0,0
BRDA:174,18,1,0
BRDA:174,18,2,0
BRDA:191,19,0,0
BRDA:191,19,1,0
BRDA:198,20,0,0
BRDA:198,20,1,0
BRDA:198,21,0,0
BRDA:198,21,1,0
BRDA:209,22,0,0
BRDA:209,22,1,0
BRDA:220,23,0,0
BRDA:220,23,1,0
BRDA:221,24,0,0
BRDA:221,24,1,0
BRDA:224,25,0,0
BRDA:224,25,1,0
BRF:54
BRH:0
end_of_record
TN:
SF:src\features\artifacts\AgentAssistPanel.tsx
FN:35,AgentAssistPanel
FN:46,(anonymous_1)
FN:67,(anonymous_2)
FN:70,(anonymous_3)
FN:74,(anonymous_4)
FN:77,(anonymous_5)
FN:100,(anonymous_6)
FN:103,(anonymous_7)
FN:120,(anonymous_8)
FN:156,(anonymous_9)
FN:160,(anonymous_10)
FN:161,(anonymous_11)
FN:174,(anonymous_12)
FN:181,(anonymous_13)
FNF:14
FNH:9
FNDA:29,AgentAssistPanel
FNDA:8,(anonymous_1)
FNDA:1,(anonymous_2)
FNDA:1,(anonymous_3)
FNDA:0,(anonymous_4)
FNDA:1,(anonymous_5)
FNDA:0,(anonymous_6)
FNDA:290,(anonymous_7)
FNDA:0,(anonymous_8)
FNDA:7,(anonymous_9)
FNDA:0,(anonymous_10)
FNDA:0,(anonymous_11)
FNDA:1,(anonymous_12)
FNDA:1,(anonymous_13)
DA:4,2
DA:39,29
DA:40,29
DA:41,29
DA:42,29
DA:43,29
DA:44,29
DA:46,29
DA:47,8
DA:48,8
DA:49,8
DA:50,8
DA:51,8
DA:59,7
DA:61,1
DA:63,8
DA:67,29
DA:68,1
DA:69,1
DA:70,1
DA:72,1
DA:73,1
DA:74,1
DA:77,29
DA:78,1
DA:79,1
DA:83,29
DA:85,29
DA:100,0
DA:103,290
DA:120,0
DA:157,7
DA:160,0
DA:161,0
DA:174,1
DA:181,1
LF:36
LH:32
BRDA:53,0,0,8
BRDA:53,0,1,0
BRDA:54,1,0,8
BRDA:54,1,1,0
BRDA:61,2,0,0
BRDA:61,2,1,1
BRDA:68,3,0,0
BRDA:68,3,1,1
BRDA:70,4,0,1
BRDA:70,4,1,0
BRDA:70,5,0,0
BRDA:70,5,1,0
BRDA:83,6,0,29
BRDA:83,6,1,0
BRDA:83,7,0,29
BRDA:83,7,1,0
BRDA:108,8,0,29
BRDA:108,8,1,29
BRDA:134,9,0,8
BRDA:134,9,1,21
BRDA:138,10,0,29
BRDA:138,10,1,8
BRDA:145,11,0,29
BRDA:145,11,1,1
BRDA:152,12,0,29
BRDA:152,12,1,7
BRDA:158,13,0,7
BRDA:158,13,1,0
BRDA:159,14,0,7
BRDA:159,14,1,7
BRDA:160,15,0,7
BRDA:160,15,1,0
BRDA:160,16,0,0
BRDA:160,16,1,0
BRDA:161,17,0,7
BRDA:161,17,1,0
BRDA:161,18,0,0
BRDA:161,18,1,0
BRDA:162,19,0,7
BRDA:162,19,1,0
BRDA:163,20,0,7
BRDA:163,20,1,0
BRDA:164,21,0,7
BRDA:164,21,1,0
BRDA:171,22,0,7
BRDA:171,22,1,7
BRDA:178,23,0,7
BRDA:178,23,1,7
BRDA:189,24,0,1
BRDA:189,24,1,6
BRF:50
BRH:31
end_of_record
TN:
SF:src\features\artifacts\ArtifactEditor.tsx
FN:26,ArtifactEditor
FN:39,(anonymous_1)
FN:42,(anonymous_2)
FN:51,(anonymous_3)
FN:55,(anonymous_4)
FN:70,(anonymous_5)
FN:71,(anonymous_6)
FN:78,(anonymous_7)
FN:79,(anonymous_8)
FN:87,(anonymous_9)
FN:91,(anonymous_10)
FN:92,(anonymous_11)
FN:99,(anonymous_12)
FN:103,(anonymous_13)
FN:106,(anonymous_14)
FN:112,(anonymous_15)
FN:138,(anonymous_16)
FN:142,(anonymous_17)
FN:152,(anonymous_18)
FN:163,(anonymous_19)
FN:173,(anonymous_20)
FN:177,(anonymous_21)
FN:185,(anonymous_22)
FNF:23
FNH:13
FNDA:35,ArtifactEditor
FNDA:14,(anonymous_1)
FNDA:12,(anonymous_2)
FNDA:0,(anonymous_3)
FNDA:1,(anonymous_4)
FNDA:1,(anonymous_5)
FNDA:0,(anonymous_6)
FNDA:0,(anonymous_7)
FNDA:0,(anonymous_8)
FNDA:1,(anonymous_9)
FNDA:1,(anonymous_10)
FNDA:0,(anonymous_11)
FNDA:3,(anonymous_12)
FNDA:2,(anonymous_13)
FNDA:1,(anonymous_14)
FNDA:0,(anonymous_15)
FNDA:0,(anonymous_16)
FNDA:28,(anonymous_17)
FNDA:1,(anonymous_18)
FNDA:0,(anonymous_19)
FNDA:0,(anonymous_20)
FNDA:69,(anonymous_21)
FNDA:0,(anonymous_22)
DA:10,7
DA:20,7
DA:27,35
DA:28,35
DA:29,35
DA:30,35
DA:31,35
DA:32,35
DA:33,35
DA:34,35
DA:35,35
DA:36,35
DA:37,35
DA:39,35
DA:40,14
DA:41,12
DA:43,12
DA:44,12
DA:45,12
DA:46,12
DA:47,12
DA:48,12
DA:49,12
DA:51,0
DA:55,35
DA:56,1
DA:57,1
DA:58,1
DA:60,1
DA:67,1
DA:68,1
DA:69,1
DA:70,1
DA:72,0
DA:73,0
DA:74,0
DA:76,0
DA:77,0
DA:78,0
DA:80,0
DA:81,0
DA:82,0
DA:87,35
DA:88,1
DA:89,1
DA:90,1
DA:91,1
DA:93,0
DA:94,0
DA:95,0
DA:99,35
DA:100,3
DA:101,3
DA:102,3
DA:104,2
DA:107,1
DA:108,1
DA:112,35
DA:113,0
DA:114,0
DA:118,35
DA:120,23
DA:138,0
DA:142,28
DA:152,1
DA:163,0
DA:173,0
DA:177,69
DA:185,0
LF:69
LH:50
BRDA:40,0,0,12
BRDA:40,0,1,2
BRDA:40,1,0,14
BRDA:40,1,1,12
BRDA:45,2,0,12
BRDA:45,2,1,10
BRDA:46,3,0,12
BRDA:46,3,1,5
BRDA:48,4,0,12
BRDA:48,4,1,7
BRDA:56,5,0,0
BRDA:56,5,1,1
BRDA:67,6,0,1
BRDA:67,6,1,0
BRDA:72,7,0,0
BRDA:72,7,1,0
BRDA:76,8,0,0
BRDA:76,8,1,0
BRDA:80,9,0,0
BRDA:80,9,1,0
BRDA:88,10,0,0
BRDA:88,10,1,1
BRDA:93,11,0,0
BRDA:93,11,1,0
BRDA:100,12,0,0
BRDA:100,12,1,3
BRDA:104,13,0,2
BRDA:104,13,1,0
BRDA:107,14,0,0
BRDA:107,14,1,1
BRDA:113,15,0,0
BRDA:113,15,1,0
BRDA:118,16,0,12
BRDA:118,16,1,23
BRDA:125,17,0,4
BRDA:125,17,1,19
BRDA:130,18,0,35
BRDA:130,18,1,0
BRDA:133,19,0,35
BRDA:133,19,1,4
BRDA:194,20,0,35
BRDA:194,20,1,19
BRDA:197,21,0,19
BRDA:197,21,1,11
BRDA:207,22,0,19
BRDA:207,22,1,8
BRDA:207,22,2,8
BRDA:217,23,0,19
BRDA:217,23,1,8
BRDA:217,23,2,8
BRDA:227,24,0,19
BRDA:227,24,1,8
BRDA:237,25,0,19
BRDA:237,25,1,2
BRDA:242,26,0,19
BRDA:242,26,1,1
BRDA:249,27,0,35
BRDA:249,27,1,19
BRDA:265,28,0,2
BRDA:265,28,1,21
BRF:60
BRH:43
end_of_record
TN:
SF:src\features\artifacts\ArtifactsPage.tsx
FN:39,formatBytes
FN:46,ArtifactsPage
FN:64,(anonymous_2)
FN:67,(anonymous_3)
FN:68,(anonymous_4)
FN:75,(anonymous_5)
FN:77,(anonymous_6)
FN:78,(anonymous_7)
FN:81,(anonymous_8)
FN:83,(anonymous_9)
FN:84,(anonymous_10)
FN:87,(anonymous_11)
FN:93,(anonymous_12)
FN:97,(anonymous_13)
FN:98,(anonymous_14)
FN:120,(anonymous_15)
FN:127,(anonymous_16)
FN:134,(anonymous_17)
FN:141,(anonymous_18)
FN:148,(anonymous_19)
FN:155,(anonymous_20)
FN:179,(anonymous_21)
FN:191,(anonymous_22)
FN:195,(anonymous_23)
FN:200,(anonymous_24)
FN:201,(anonymous_25)
FN:216,(anonymous_26)
FN:230,(anonymous_27)
FN:234,(anonymous_28)
FN:254,(anonymous_29)
FN:258,(anonymous_30)
FN:310,(anonymous_31)
FN:317,(anonymous_32)
FN:318,(anonymous_33)
FN:326,(anonymous_34)
FN:327,(anonymous_35)
FN:334,(anonymous_36)
FN:335,(anonymous_37)
FN:342,(anonymous_38)
FN:343,(anonymous_39)
FN:350,(anonymous_40)
FN:351,(anonymous_41)
FN:363,(anonymous_42)
FNF:43
FNH:25
FNDA:14,formatBytes
FNDA:94,ArtifactsPage
FNDA:40,(anonymous_2)
FNDA:39,(anonymous_3)
FNDA:1,(anonymous_4)
FNDA:38,(anonymous_5)
FNDA:38,(anonymous_6)
FNDA:0,(anonymous_7)
FNDA:35,(anonymous_8)
FNDA:35,(anonymous_9)
FNDA:0,(anonymous_10)
FNDA:35,(anonymous_11)
FNDA:2,(anonymous_12)
FNDA:2,(anonymous_13)
FNDA:0,(anonymous_14)
FNDA:9,(anonymous_15)
FNDA:0,(anonymous_16)
FNDA:0,(anonymous_17)
FNDA:0,(anonymous_18)
FNDA:0,(anonymous_19)
FNDA:2,(anonymous_20)
FNDA:42,(anonymous_21)
FNDA:1,(anonymous_22)
FNDA:464,(anonymous_23)
FNDA:2,(anonymous_24)
FNDA:0,(anonymous_25)
FNDA:0,(anonymous_26)
FNDA:4,(anonymous_27)
FNDA:0,(anonymous_28)
FNDA:63,(anonymous_29)
FNDA:2,(anonymous_30)
FNDA:1,(anonymous_31)
FNDA:3,(anonymous_32)
FNDA:3,(anonymous_33)
FNDA:0,(anonymous_34)
FNDA:0,(anonymous_35)
FNDA:0,(anonymous_36)
FNDA:0,(anonymous_37)
FNDA:0,(anonymous_38)
FNDA:0,(anonymous_39)
FNDA:0,(anonymous_40)
FNDA:0,(anonymous_41)
FNDA:1,(anonymous_42)
DA:12,6
DA:23,6
DA:33,6
DA:40,14
DA:41,14
DA:42,14
DA:43,14
DA:47,94
DA:48,94
DA:49,94
DA:50,94
DA:51,94
DA:52,94
DA:53,94
DA:54,94
DA:55,94
DA:56,94
DA:57,94
DA:58,94
DA:59,94
DA:60,94
DA:61,94
DA:62,94
DA:64,94
DA:65,40
DA:66,40
DA:67,39
DA:69,1
DA:70,1
DA:71,1
DA:75,94
DA:76,38
DA:77,38
DA:81,94
DA:82,35
DA:83,35
DA:87,94
DA:88,35
DA:89,35
DA:90,35
DA:93,94
DA:94,2
DA:95,2
DA:96,2
DA:97,2
DA:99,0
DA:100,0
DA:104,94
DA:106,59
DA:107,1
DA:114,58
DA:120,9
DA:127,0
DA:134,0
DA:141,0
DA:148,0
DA:155,2
DA:180,42
DA:191,1
DA:195,464
DA:200,2
DA:201,0
DA:216,0
DA:231,4
DA:234,0
DA:255,63
DA:258,2
DA:310,1
DA:317,3
DA:318,3
DA:326,0
DA:327,0
DA:334,0
DA:335,0
DA:342,0
DA:343,0
DA:350,0
DA:352,0
DA:353,0
DA:363,1
LF:80
LH:62
BRDA:40,0,0,0
BRDA:40,0,1,14
BRDA:41,1,0,0
BRDA:41,1,1,14
BRDA:42,2,0,0
BRDA:42,2,1,14
BRDA:66,3,0,40
BRDA:66,3,1,39
BRDA:67,4,0,39
BRDA:67,4,1,0
BRDA:69,5,0,0
BRDA:69,5,1,1
BRDA:83,6,0,35
BRDA:83,6,1,0
BRDA:94,7,0,0
BRDA:94,7,1,2
BRDA:97,8,0,2
BRDA:97,8,1,0
BRDA:104,9,0,35
BRDA:104,9,1,59
BRDA:106,10,0,1
BRDA:106,10,1,58
BRDA:106,11,0,59
BRDA:106,11,1,1
BRDA:165,12,0,58
BRDA:165,12,1,14
BRDA:179,13,0,14
BRDA:179,13,1,14
BRDA:201,14,0,0
BRDA:201,14,1,0
BRDA:212,15,0,2
BRDA:212,15,1,56
BRDA:214,16,0,94
BRDA:214,16,1,6
BRDA:226,17,0,94
BRDA:226,17,1,2
BRDA:226,17,2,2
BRDA:245,18,0,94
BRDA:245,18,1,26
BRDA:245,18,2,26
BRDA:252,19,0,94
BRDA:252,19,1,32
BRDA:264,20,0,63
BRDA:264,20,1,0
BRDA:270,21,0,63
BRDA:270,21,1,0
BRDA:276,22,0,63
BRDA:276,22,1,13
BRDA:284,23,0,63
BRDA:284,23,1,13
BRDA:294,24,0,63
BRDA:294,24,1,36
BRDA:307,25,0,94
BRDA:307,25,1,2
BRDA:315,26,0,94
BRDA:315,26,1,9
BRDA:323,27,0,94
BRDA:323,27,1,0
BRDA:332,28,0,94
BRDA:332,28,1,0
BRDA:340,29,0,94
BRDA:340,29,1,0
BRDA:348,30,0,94
BRDA:348,30,1,0
BRDA:359,31,0,94
BRDA:359,31,1,2
BRDA:368,32,0,94
BRDA:368,32,1,58
BRDA:368,32,2,2
BRDA:368,32,3,2
BRF:70
BRH:54
end_of_record
TN:
SF:src\features\artifacts\DocumentBlockEditor.tsx
FN:28,genId
FN:32,DocumentBlockEditor
FN:38,(anonymous_2)
FN:41,(anonymous_3)
FN:53,(anonymous_4)
FN:56,(anonymous_5)
FN:62,(anonymous_6)
FN:76,(anonymous_7)
FN:90,(anonymous_8)
FN:97,(anonymous_9)
FN:104,(anonymous_10)
FN:113,(anonymous_11)
FN:113,(anonymous_12)
FN:120,(anonymous_13)
FN:134,(anonymous_14)
FN:135,(anonymous_15)
FN:135,(anonymous_16)
FN:144,(anonymous_17)
FN:149,(anonymous_18)
FN:155,(anonymous_19)
FN:157,(anonymous_20)
FN:162,(anonymous_21)
FN:173,(anonymous_22)
FN:173,(anonymous_23)
FN:183,(anonymous_24)
FN:183,(anonymous_25)
FN:188,(anonymous_26)
FN:188,(anonymous_27)
FN:194,(anonymous_28)
FN:194,(anonymous_29)
FN:210,(anonymous_30)
FN:236,(anonymous_31)
FN:239,(anonymous_32)
FN:244,(anonymous_33)
FN:299,(anonymous_34)
FN:318,(anonymous_35)
FNF:36
FNH:25
FNDA:2,genId
FNDA:82,DocumentBlockEditor
FNDA:12,(anonymous_2)
FNDA:82,(anonymous_3)
FNDA:0,(anonymous_4)
FNDA:156,(anonymous_5)
FNDA:1,(anonymous_6)
FNDA:1,(anonymous_7)
FNDA:0,(anonymous_8)
FNDA:9,(anonymous_9)
FNDA:2,(anonymous_10)
FNDA:1,(anonymous_11)
FNDA:2,(anonymous_12)
FNDA:2,(anonymous_13)
FNDA:0,(anonymous_14)
FNDA:0,(anonymous_15)
FNDA:0,(anonymous_16)
FNDA:10,(anonymous_17)
FNDA:0,(anonymous_18)
FNDA:6,(anonymous_19)
FNDA:15,(anonymous_20)
FNDA:0,(anonymous_21)
FNDA:1,(anonymous_22)
FNDA:2,(anonymous_23)
FNDA:1,(anonymous_24)
FNDA:2,(anonymous_25)
FNDA:1,(anonymous_26)
FNDA:2,(anonymous_27)
FNDA:0,(anonymous_28)
FNDA:0,(anonymous_29)
FNDA:1,(anonymous_30)
FNDA:1,(anonymous_31)
FNDA:12,(anonymous_32)
FNDA:0,(anonymous_33)
FNDA:1,(anonymous_34)
FNDA:0,(anonymous_35)
DA:26,1
DA:29,2
DA:35,82
DA:36,82
DA:38,82
DA:41,82
DA:42,82
DA:44,27
DA:45,1
DA:46,1
DA:48,26
DA:53,0
DA:56,156
DA:62,1
DA:70,39
DA:71,1
DA:72,38
DA:76,1
DA:85,7
DA:86,7
DA:87,0
DA:88,0
DA:90,0
DA:94,7
DA:95,7
DA:98,9
DA:105,2
DA:106,2
DA:107,2
DA:113,2
DA:120,2
DA:128,4
DA:129,4
DA:130,4
DA:131,0
DA:134,0
DA:135,0
DA:140,4
DA:145,10
DA:149,0
DA:156,6
DA:158,15
DA:163,0
DA:164,0
DA:173,2
DA:183,2
DA:188,2
DA:194,0
DA:204,2
DA:205,0
DA:206,2
DA:210,1
DA:218,2
DA:219,0
DA:224,0
DA:231,2
DA:236,1
DA:239,12
DA:244,0
DA:253,1
DA:260,0
DA:264,82
DA:265,2
DA:268,80
DA:299,1
DA:318,0
LF:66
LH:49
BRDA:42,0,0,27
BRDA:42,0,1,39
BRDA:42,0,2,4
BRDA:42,0,3,7
BRDA:42,0,4,4
BRDA:42,0,5,2
BRDA:42,0,6,2
BRDA:42,0,7,1
BRDA:42,0,8,0
BRDA:44,1,0,1
BRDA:44,1,1,26
BRDA:45,2,0,1
BRDA:45,2,1,0
BRDA:52,3,0,26
BRDA:52,3,1,0
BRDA:61,4,0,27
BRDA:61,4,1,0
BRDA:70,5,0,1
BRDA:70,5,1,38
BRDA:75,6,0,38
BRDA:75,6,1,1
BRDA:86,7,0,0
BRDA:86,7,1,7
BRDA:87,8,0,0
BRDA:87,8,1,0
BRDA:89,9,0,0
BRDA:89,9,1,0
BRDA:90,10,0,0
BRDA:90,10,1,0
BRDA:94,11,0,7
BRDA:94,11,1,0
BRDA:99,12,0,4
BRDA:99,12,1,5
BRDA:128,13,0,4
BRDA:128,13,1,0
BRDA:129,14,0,4
BRDA:129,14,1,0
BRDA:130,15,0,0
BRDA:130,15,1,4
BRDA:191,16,0,4
BRDA:191,16,1,4
BRDA:204,17,0,0
BRDA:204,17,1,2
BRDA:209,18,0,2
BRDA:209,18,1,0
BRDA:218,19,0,0
BRDA:218,19,1,2
BRDA:225,20,0,0
BRDA:225,20,1,0
BRDA:235,21,0,2
BRDA:235,21,1,0
BRDA:243,22,0,2
BRDA:243,22,1,0
BRDA:264,23,0,2
BRDA:264,23,1,80
BRDA:308,24,0,80
BRDA:308,24,1,1
BRF:57
BRH:35
end_of_record
TN:
SF:src\features\artifacts\DocumentEditorPage.tsx
FN:27,DocumentEditorPage
FN:50,(anonymous_1)
FN:55,(anonymous_2)
FN:63,(anonymous_3)
FN:70,(anonymous_4)
FN:76,(anonymous_5)
FN:77,(anonymous_6)
FN:81,(anonymous_7)
FN:85,(anonymous_8)
FN:86,(anonymous_9)
FN:91,(anonymous_10)
FN:92,(anonymous_11)
FN:93,(anonymous_12)
FN:101,(anonymous_13)
FN:102,(anonymous_14)
FN:103,(anonymous_15)
FN:111,(anonymous_16)
FN:119,(anonymous_17)
FN:120,(anonymous_18)
FN:120,(anonymous_19)
FN:124,(anonymous_20)
FN:125,(anonymous_21)
FN:135,(anonymous_22)
FN:136,(anonymous_23)
FN:145,(anonymous_24)
FN:156,(anonymous_25)
FN:162,(anonymous_26)
FN:188,(anonymous_27)
FN:215,(anonymous_28)
FN:229,(anonymous_29)
FN:240,(anonymous_30)
FN:260,(anonymous_31)
FN:265,(anonymous_32)
FN:274,(anonymous_33)
FN:280,(anonymous_34)
FN:281,(anonymous_35)
FN:282,(anonymous_36)
FN:290,(anonymous_37)
FN:299,(anonymous_38)
FN:321,(anonymous_39)
FN:337,(anonymous_40)
FN:341,(anonymous_41)
FN:342,(anonymous_42)
FN:343,(anonymous_43)
FN:344,(anonymous_44)
FN:345,(anonymous_45)
FN:372,(anonymous_46)
FN:374,(anonymous_47)
FNF:48
FNH:28
FNDA:74,DocumentEditorPage
FNDA:23,(anonymous_1)
FNDA:22,(anonymous_2)
FNDA:1,(anonymous_3)
FNDA:21,(anonymous_4)
FNDA:40,(anonymous_5)
FNDA:1,(anonymous_6)
FNDA:40,(anonymous_7)
FNDA:12,(anonymous_8)
FNDA:12,(anonymous_9)
FNDA:0,(anonymous_10)
FNDA:0,(anonymous_11)
FNDA:0,(anonymous_12)
FNDA:0,(anonymous_13)
FNDA:0,(anonymous_14)
FNDA:0,(anonymous_15)
FNDA:0,(anonymous_16)
FNDA:1,(anonymous_17)
FNDA:1,(anonymous_18)
FNDA:2,(anonymous_19)
FNDA:1,(anonymous_20)
FNDA:1,(anonymous_21)
FNDA:1,(anonymous_22)
FNDA:1,(anonymous_23)
FNDA:1,(anonymous_24)
FNDA:1,(anonymous_25)
FNDA:3,(anonymous_26)
FNDA:0,(anonymous_27)
FNDA:5,(anonymous_28)
FNDA:0,(anonymous_29)
FNDA:0,(anonymous_30)
FNDA:0,(anonymous_31)
FNDA:0,(anonymous_32)
FNDA:0,(anonymous_33)
FNDA:0,(anonymous_34)
FNDA:0,(anonymous_35)
FNDA:0,(anonymous_36)
FNDA:0,(anonymous_37)
FNDA:1,(anonymous_38)
FNDA:5,(anonymous_39)
FNDA:81,(anonymous_40)
FNDA:12,(anonymous_41)
FNDA:1,(anonymous_42)
FNDA:1,(anonymous_43)
FNDA:0,(anonymous_44)
FNDA:1,(anonymous_45)
FNDA:0,(anonymous_46)
FNDA:0,(anonymous_47)
DA:12,1
DA:28,74
DA:29,74
DA:31,74
DA:32,74
DA:33,74
DA:34,74
DA:35,74
DA:36,74
DA:37,74
DA:38,74
DA:39,74
DA:40,74
DA:41,74
DA:42,74
DA:43,74
DA:44,74
DA:45,74
DA:46,74
DA:47,74
DA:50,74
DA:51,23
DA:52,23
DA:53,23
DA:54,23
DA:56,22
DA:57,22
DA:58,22
DA:59,22
DA:60,22
DA:61,22
DA:64,1
DA:65,1
DA:70,74
DA:71,21
DA:72,21
DA:76,74
DA:77,40
DA:78,1
DA:80,40
DA:81,40
DA:85,74
DA:86,12
DA:87,12
DA:91,74
DA:92,0
DA:93,0
DA:94,0
DA:95,0
DA:96,0
DA:98,0
DA:101,74
DA:102,0
DA:103,0
DA:104,0
DA:105,0
DA:106,0
DA:108,0
DA:111,74
DA:112,0
DA:113,0
DA:114,0
DA:115,0
DA:119,74
DA:120,2
DA:121,1
DA:124,74
DA:125,1
DA:126,1
DA:127,1
DA:128,1
DA:129,1
DA:130,1
DA:132,1
DA:135,74
DA:136,1
DA:137,1
DA:138,1
DA:139,1
DA:140,1
DA:142,1
DA:145,74
DA:146,1
DA:147,1
DA:148,0
DA:149,1
DA:150,0
DA:151,0
DA:152,0
DA:153,0
DA:154,0
DA:156,1
DA:157,1
DA:161,74
DA:162,74
DA:163,3
DA:164,3
DA:165,3
DA:166,3
DA:167,3
DA:173,3
DA:174,1
DA:175,1
DA:176,1
DA:178,2
DA:179,1
DA:180,1
DA:182,1
DA:188,74
DA:189,0
DA:190,0
DA:191,0
DA:192,0
DA:193,0
DA:194,0
DA:195,0
DA:196,0
DA:199,0
DA:200,0
DA:201,0
DA:202,0
DA:203,0
DA:204,0
DA:205,0
DA:206,0
DA:207,0
DA:209,0
DA:211,0
DA:215,74
DA:216,5
DA:217,5
DA:221,74
DA:222,23
DA:225,51
DA:226,1
DA:229,0
DA:234,50
DA:240,0
DA:260,0
DA:265,0
DA:274,0
DA:280,0
DA:281,0
DA:282,0
DA:290,0
DA:299,1
DA:321,5
DA:338,81
DA:341,12
DA:342,1
DA:343,1
DA:344,0
DA:345,1
DA:372,0
DA:375,0
DA:376,0
DA:378,0
DA:379,0
DA:381,0
DA:382,0
LF:160
LH:102
BRDA:51,0,0,0
BRDA:51,0,1,23
BRDA:57,1,0,22
BRDA:57,1,1,0
BRDA:58,2,0,22
BRDA:58,2,1,0
BRDA:59,3,0,22
BRDA:59,3,1,0
BRDA:60,4,0,22
BRDA:60,4,1,0
BRDA:64,5,0,1
BRDA:64,5,1,0
BRDA:78,6,0,1
BRDA:78,6,1,0
BRDA:113,7,0,0
BRDA:113,7,1,0
BRDA:115,8,0,0
BRDA:115,8,1,0
BRDA:127,9,0,1
BRDA:127,9,1,0
BRDA:128,10,0,0
BRDA:128,10,1,1
BRDA:128,11,0,1
BRDA:128,11,1,1
BRDA:147,12,0,0
BRDA:147,12,1,1
BRDA:147,12,2,0
BRDA:147,12,3,0
BRDA:147,12,4,0
BRDA:147,12,5,0
BRDA:147,12,6,0
BRDA:147,12,7,0
BRDA:163,13,0,0
BRDA:163,13,1,3
BRDA:178,14,0,1
BRDA:178,14,1,1
BRDA:178,15,0,2
BRDA:178,15,1,1
BRDA:189,16,0,0
BRDA:189,16,1,0
BRDA:194,17,0,0
BRDA:194,17,1,0
BRDA:199,18,0,0
BRDA:199,18,1,0
BRDA:201,19,0,0
BRDA:201,19,1,0
BRDA:205,20,0,0
BRDA:205,20,1,0
BRDA:221,21,0,23
BRDA:221,21,1,51
BRDA:225,22,0,1
BRDA:225,22,1,50
BRDA:244,23,0,50
BRDA:244,23,1,0
BRDA:248,24,0,74
BRDA:248,24,1,1
BRDA:275,25,0,0
BRDA:275,25,1,50
BRDA:278,26,0,74
BRDA:278,26,1,49
BRDA:278,26,2,49
BRDA:285,27,0,74
BRDA:285,27,1,0
BRDA:286,28,0,74
BRDA:286,28,1,0
BRDA:301,29,0,74
BRDA:301,29,1,26
BRDA:307,30,0,74
BRDA:307,30,1,49
BRDA:316,31,0,49
BRDA:316,31,1,1
BRDA:330,32,0,1
BRDA:330,32,1,49
BRDA:357,33,0,74
BRDA:357,33,1,49
BRDA:357,33,2,0
BRDA:359,34,0,0
BRDA:359,34,1,0
BRDA:370,35,0,74
BRDA:370,35,1,0
BRDA:375,36,0,0
BRDA:375,36,1,0
BRDA:378,37,0,0
BRDA:378,37,1,0
BRDA:387,38,0,74
BRDA:387,38,1,50
BRDA:387,38,2,50
BRF:87
BRH:44
end_of_record
TN:
SF:src\features\artifacts\DocumentGenerateModal.tsx
FN:29,DocumentGenerateModal
FN:38,(anonymous_1)
FN:43,(anonymous_2)
FN:44,(anonymous_3)
FN:47,(anonymous_4)
FN:48,(anonymous_5)
FN:51,(anonymous_6)
FN:60,(anonymous_7)
FN:85,(anonymous_8)
FN:98,(anonymous_9)
FN:101,(anonymous_10)
FN:111,(anonymous_11)
FN:125,(anonymous_12)
FN:128,(anonymous_13)
FN:143,(anonymous_14)
FN:149,(anonymous_15)
FN:156,(anonymous_16)
FNF:17
FNH:13
FNDA:33,DocumentGenerateModal
FNDA:2,(anonymous_1)
FNDA:0,(anonymous_2)
FNDA:0,(anonymous_3)
FNDA:1,(anonymous_4)
FNDA:2,(anonymous_5)
FNDA:4,(anonymous_6)
FNDA:0,(anonymous_7)
FNDA:5,(anonymous_8)
FNDA:1,(anonymous_9)
FNDA:330,(anonymous_10)
FNDA:5,(anonymous_11)
FNDA:1,(anonymous_12)
FNDA:132,(anonymous_13)
FNDA:4,(anonymous_14)
FNDA:0,(anonymous_15)
FNDA:1,(anonymous_16)
DA:4,7
DA:17,7
DA:30,33
DA:31,33
DA:32,33
DA:33,33
DA:34,33
DA:35,33
DA:36,33
DA:38,33
DA:39,2
DA:40,2
DA:43,33
DA:44,0
DA:47,33
DA:48,2
DA:51,33
DA:52,4
DA:53,4
DA:54,4
DA:55,4
DA:60,0
DA:62,3
DA:64,1
DA:66,4
DA:70,33
DA:85,5
DA:98,1
DA:101,330
DA:111,5
DA:125,1
DA:128,132
DA:144,4
DA:149,0
DA:156,1
LF:35
LH:32
BRDA:39,0,0,0
BRDA:39,0,1,2
BRDA:44,1,0,0
BRDA:44,1,1,0
BRDA:64,2,0,0
BRDA:64,2,1,1
BRDA:164,3,0,33
BRDA:164,3,1,1
BRDA:171,4,0,33
BRDA:171,4,1,4
BRDA:187,5,0,33
BRDA:187,5,1,29
BRDA:187,5,2,12
BRDA:189,6,0,4
BRDA:189,6,1,29
BRF:15
BRH:11
end_of_record
TN:
SF:src\features\artifacts\DocumentOutline.tsx
FN:18,DocumentOutline
FN:19,(anonymous_1)
FN:33,(anonymous_2)
FN:41,(anonymous_3)
FNF:4
FNH:3
FNDA:49,DocumentOutline
FNDA:79,(anonymous_1)
FNDA:26,(anonymous_2)
FNDA:0,(anonymous_3)
DA:19,79
DA:21,49
DA:22,23
DA:29,26
DA:34,26
DA:41,0
LF:6
LH:5
BRDA:21,0,0,23
BRDA:21,0,1,26
BRDA:38,1,0,0
BRDA:38,1,1,26
BRDA:40,2,0,26
BRDA:40,2,1,0
BRDA:43,3,0,26
BRDA:43,3,1,0
BRF:8
BRH:5
end_of_record
TN:
SF:src\features\artifacts\DocumentSaveStatus.tsx
FN:6,DocumentSaveStatus
FNF:1
FNH:1
FNDA:50,DocumentSaveStatus
DA:7,50
DA:13,50
DA:14,50
LF:3
LH:3
BRDA:18,0,0,50
BRDA:18,0,1,1
BRDA:18,0,2,1
BRF:3
BRH:3
end_of_record
TN:
SF:src\features\artifacts\DocumentToolbar.tsx
FN:22,DocumentToolbar
FN:28,(anonymous_1)
FN:33,(anonymous_2)
FNF:3
FNH:3
FNDA:50,DocumentToolbar
FNDA:392,(anonymous_1)
FNDA:1,(anonymous_2)
DA:3,1
DA:23,50
DA:29,392
DA:33,1
LF:4
LH:4
BRDA:25,0,0,50
BRDA:25,0,1,49
BRDA:47,1,0,1
BRDA:47,1,1,49
BRDA:49,2,0,50
BRDA:49,2,1,50
BRF:6
BRH:6
end_of_record
TN:
SF:src\features\artifacts\MeetingSummaryEditor.tsx
FN:35,MeetingSummaryEditor
FN:49,(anonymous_1)
FN:52,(anonymous_2)
FN:64,(anonymous_3)
FN:68,(anonymous_4)
FN:90,(anonymous_5)
FN:91,(anonymous_6)
FN:116,(anonymous_7)
FN:123,(anonymous_8)
FN:131,(anonymous_9)
FN:138,(anonymous_10)
FN:148,(anonymous_11)
FN:152,(anonymous_12)
FN:155,(anonymous_13)
FN:158,(anonymous_14)
FN:160,(anonymous_15)
FN:160,(anonymous_16)
FN:170,(anonymous_17)
FN:174,(anonymous_18)
FN:177,(anonymous_19)
FN:180,(anonymous_20)
FN:182,(anonymous_21)
FN:182,(anonymous_22)
FN:192,(anonymous_23)
FN:196,(anonymous_24)
FN:199,(anonymous_25)
FN:202,(anonymous_26)
FN:204,(anonymous_27)
FN:204,(anonymous_28)
FN:214,(anonymous_29)
FN:218,(anonymous_30)
FN:221,(anonymous_31)
FN:224,(anonymous_32)
FN:227,(anonymous_33)
FN:230,(anonymous_34)
FN:233,(anonymous_35)
FN:235,(anonymous_36)
FN:237,(anonymous_37)
FN:237,(anonymous_38)
FN:246,(anonymous_39)
FNF:40
FNH:23
FNDA:25,MeetingSummaryEditor
FNDA:10,(anonymous_1)
FNDA:1,(anonymous_2)
FNDA:0,(anonymous_3)
FNDA:2,(anonymous_4)
FNDA:2,(anonymous_5)
FNDA:0,(anonymous_6)
FNDA:1,(anonymous_7)
FNDA:0,(anonymous_8)
FNDA:0,(anonymous_9)
FNDA:0,(anonymous_10)
FNDA:1,(anonymous_11)
FNDA:4,(anonymous_12)
FNDA:0,(anonymous_13)
FNDA:0,(anonymous_14)
FNDA:1,(anonymous_15)
FNDA:1,(anonymous_16)
FNDA:1,(anonymous_17)
FNDA:1,(anonymous_18)
FNDA:0,(anonymous_19)
FNDA:0,(anonymous_20)
FNDA:1,(anonymous_21)
FNDA:1,(anonymous_22)
FNDA:1,(anonymous_23)
FNDA:1,(anonymous_24)
FNDA:0,(anonymous_25)
FNDA:0,(anonymous_26)
FNDA:1,(anonymous_27)
FNDA:1,(anonymous_28)
FNDA:2,(anonymous_29)
FNDA:2,(anonymous_30)
FNDA:0,(anonymous_31)
FNDA:0,(anonymous_32)
FNDA:0,(anonymous_33)
FNDA:0,(anonymous_34)
FNDA:0,(anonymous_35)
FNDA:8,(anonymous_36)
FNDA:1,(anonymous_37)
FNDA:1,(anonymous_38)
FNDA:0,(anonymous_39)
DA:33,6
DA:36,25
DA:37,25
DA:38,25
DA:39,25
DA:40,25
DA:41,25
DA:42,25
DA:43,25
DA:44,25
DA:45,25
DA:46,25
DA:47,25
DA:49,25
DA:50,10
DA:51,1
DA:53,1
DA:54,1
DA:55,1
DA:56,1
DA:57,1
DA:58,1
DA:59,1
DA:60,1
DA:61,1
DA:62,1
DA:64,0
DA:68,25
DA:69,2
DA:70,2
DA:71,2
DA:73,2
DA:85,2
DA:89,2
DA:90,2
DA:92,0
DA:93,0
DA:94,0
DA:98,25
DA:100,24
DA:116,1
DA:123,0
DA:131,0
DA:138,0
DA:148,1
DA:153,4
DA:155,0
DA:158,0
DA:160,1
DA:170,1
DA:175,1
DA:177,0
DA:180,0
DA:182,1
DA:192,1
DA:197,1
DA:199,0
DA:202,0
DA:204,1
DA:214,2
DA:219,2
DA:221,0
DA:224,0
DA:227,0
DA:230,0
DA:233,0
DA:235,8
DA:237,1
DA:246,0
LF:69
LH:50
BRDA:50,0,0,1
BRDA:50,0,1,9
BRDA:50,1,0,10
BRDA:50,1,1,1
BRDA:53,2,0,1
BRDA:53,2,1,0
BRDA:54,3,0,1
BRDA:54,3,1,1
BRDA:55,4,0,1
BRDA:55,4,1,1
BRDA:56,5,0,1
BRDA:56,5,1,1
BRDA:57,6,0,1
BRDA:57,6,1,1
BRDA:58,7,0,1
BRDA:58,7,1,0
BRDA:59,8,0,1
BRDA:59,8,1,1
BRDA:60,9,0,1
BRDA:60,9,1,1
BRDA:61,10,0,1
BRDA:61,10,1,1
BRDA:69,11,0,0
BRDA:69,11,1,2
BRDA:77,12,0,2
BRDA:77,12,1,2
BRDA:78,13,0,2
BRDA:78,13,1,0
BRDA:85,14,0,1
BRDA:85,14,1,1
BRDA:92,15,0,0
BRDA:92,15,1,0
BRDA:98,16,0,1
BRDA:98,16,1,24
BRDA:105,17,0,21
BRDA:105,17,1,3
BRDA:110,18,0,25
BRDA:110,18,1,0
BRDA:138,19,0,0
BRDA:138,19,1,0
BRDA:151,20,0,25
BRDA:151,20,1,20
BRDA:157,21,0,4
BRDA:157,21,1,4
BRDA:173,22,0,25
BRDA:173,22,1,23
BRDA:179,23,0,1
BRDA:179,23,1,1
BRDA:195,24,0,25
BRDA:195,24,1,23
BRDA:201,25,0,1
BRDA:201,25,1,1
BRDA:217,26,0,25
BRDA:217,26,1,22
BRDA:221,27,0,0
BRDA:221,27,1,0
BRDA:226,28,0,2
BRDA:226,28,1,2
BRDA:229,29,0,2
BRDA:229,29,1,2
BRDA:232,30,0,2
BRDA:232,30,1,0
BRF:62
BRH:50
end_of_record
TN:
SF:src\features\artifacts\PresentationModal.tsx
FN:31,PresentationModal
FN:44,(anonymous_1)
FN:46,(anonymous_2)
FN:47,(anonymous_3)
FN:50,(anonymous_4)
FN:61,(anonymous_5)
FN:66,(anonymous_6)
FN:103,(anonymous_7)
FN:114,(anonymous_8)
FN:130,(anonymous_9)
FN:139,(anonymous_10)
FN:154,(anonymous_11)
FN:158,(anonymous_12)
FN:165,(anonymous_13)
FN:169,(anonymous_14)
FN:176,(anonymous_15)
FN:180,(anonymous_16)
FN:190,(anonymous_17)
FNF:18
FNH:12
FNDA:35,PresentationModal
FNDA:9,(anonymous_1)
FNDA:9,(anonymous_2)
FNDA:0,(anonymous_3)
FNDA:5,(anonymous_4)
FNDA:3,(anonymous_5)
FNDA:1,(anonymous_6)
FNDA:5,(anonymous_7)
FNDA:5,(anonymous_8)
FNDA:0,(anonymous_9)
FNDA:1,(anonymous_10)
FNDA:0,(anonymous_11)
FNDA:140,(anonymous_12)
FNDA:0,(anonymous_13)
FNDA:140,(anonymous_14)
FNDA:0,(anonymous_15)
FNDA:175,(anonymous_16)
FNDA:0,(anonymous_17)
DA:9,6
DA:16,6
DA:23,6
DA:32,35
DA:33,35
DA:34,35
DA:35,35
DA:36,35
DA:37,35
DA:38,35
DA:39,35
DA:40,35
DA:41,35
DA:42,35
DA:44,35
DA:45,9
DA:46,9
DA:47,0
DA:50,35
DA:51,5
DA:52,5
DA:53,5
DA:54,5
DA:56,5
DA:62,3
DA:63,3
DA:64,3
DA:67,1
DA:68,1
DA:69,1
DA:73,35
DA:75,35
DA:103,5
DA:114,5
DA:130,0
DA:139,1
DA:154,0
DA:158,140
DA:165,0
DA:169,140
DA:176,0
DA:180,175
DA:190,0
LF:43
LH:37
BRDA:51,0,0,0
BRDA:51,0,1,5
BRDA:52,1,0,0
BRDA:52,1,1,5
BRDA:59,2,0,5
BRDA:59,2,1,5
BRDA:67,3,0,0
BRDA:67,3,1,1
BRDA:73,4,0,35
BRDA:73,4,1,26
BRDA:73,4,2,25
BRDA:84,5,0,35
BRDA:84,5,1,26
BRDA:84,5,2,1
BRDA:89,6,0,35
BRDA:89,6,1,26
BRDA:89,6,2,25
BRDA:89,6,3,0
BRDA:95,7,0,35
BRDA:95,7,1,1
BRDA:130,8,0,0
BRDA:130,8,1,0
BRDA:200,9,0,35
BRDA:200,9,1,30
BRDA:204,10,0,5
BRDA:204,10,1,30
BRF:26
BRH:20
end_of_record
TN:
SF:src\features\artifacts\StatusReportModal.tsx
FN:19,StatusReportModal
FN:29,(anonymous_1)
FN:31,(anonymous_2)
FN:37,(anonymous_3)
FN:48,(anonymous_4)
FN:54,(anonymous_5)
FN:61,(anonymous_6)
FN:85,(anonymous_7)
FN:93,(anonymous_8)
FN:99,(anonymous_9)
FN:108,(anonymous_10)
FN:111,(anonymous_11)
FNF:12
FNH:11
FNDA:29,StatusReportModal
FNDA:2,(anonymous_1)
FNDA:4,(anonymous_2)
FNDA:4,(anonymous_3)
FNDA:3,(anonymous_4)
FNDA:1,(anonymous_5)
FNDA:0,(anonymous_6)
FNDA:4,(anonymous_7)
FNDA:4,(anonymous_8)
FNDA:4,(anonymous_9)
FNDA:182,(anonymous_10)
FNDA:2,(anonymous_11)
DA:9,6
DA:20,29
DA:21,29
DA:22,29
DA:23,29
DA:24,29
DA:25,29
DA:26,29
DA:27,29
DA:29,29
DA:30,2
DA:31,4
DA:33,1
DA:37,29
DA:38,4
DA:39,4
DA:40,4
DA:41,4
DA:42,4
DA:44,4
DA:49,3
DA:50,3
DA:51,3
DA:52,3
DA:55,1
DA:56,1
DA:57,1
DA:61,29
DA:62,0
DA:63,0
DA:64,0
DA:65,0
DA:66,0
DA:67,0
DA:68,0
DA:71,29
DA:85,4
DA:93,4
DA:99,4
DA:109,182
DA:111,2
LF:41
LH:34
BRDA:30,0,0,1
BRDA:30,0,1,1
BRDA:38,1,0,0
BRDA:38,1,1,4
BRDA:39,2,0,0
BRDA:39,2,1,4
BRDA:39,3,0,4
BRDA:39,3,1,4
BRDA:40,4,0,0
BRDA:40,4,1,4
BRDA:50,5,0,3
BRDA:50,5,1,0
BRDA:51,6,0,3
BRDA:51,6,1,0
BRDA:55,7,0,0
BRDA:55,7,1,1
BRDA:79,8,0,29
BRDA:79,8,1,1
BRDA:81,9,0,26
BRDA:81,9,1,3
BRDA:123,10,0,4
BRDA:123,10,1,22
BRF:22
BRH:16
end_of_record
TN:
SF:src\features\artifacts\TemplateGallery.tsx
FN:35,DocBlockPreview
FN:43,(anonymous_1)
FN:45,(anonymous_2)
FN:58,TemplateGallery
FN:76,(anonymous_4)
FN:79,(anonymous_5)
FN:80,(anonymous_6)
FN:87,(anonymous_7)
FN:89,(anonymous_8)
FN:93,(anonymous_9)
FN:98,(anonymous_10)
FN:105,(anonymous_11)
FN:125,(anonymous_12)
FN:126,(anonymous_13)
FN:132,(anonymous_14)
FN:141,(anonymous_15)
FN:155,(anonymous_16)
FN:159,(anonymous_17)
FN:162,(anonymous_18)
FN:164,(anonymous_19)
FN:172,(anonymous_20)
FN:177,(anonymous_21)
FN:182,(anonymous_22)
FN:194,(anonymous_23)
FN:197,(anonymous_24)
FN:199,(anonymous_25)
FN:202,(anonymous_26)
FN:217,(anonymous_27)
FN:219,(anonymous_28)
FN:245,(anonymous_29)
FN:254,(anonymous_30)
FN:264,(anonymous_31)
FNF:32
FNH:25
FNDA:21,DocBlockPreview
FNDA:14,(anonymous_1)
FNDA:0,(anonymous_2)
FNDA:69,TemplateGallery
FNDA:26,(anonymous_4)
FNDA:25,(anonymous_5)
FNDA:1,(anonymous_6)
FNDA:25,(anonymous_7)
FNDA:4,(anonymous_8)
FNDA:4,(anonymous_9)
FNDA:0,(anonymous_10)
FNDA:1,(anonymous_11)
FNDA:1,(anonymous_12)
FNDA:0,(anonymous_13)
FNDA:101,(anonymous_14)
FNDA:3,(anonymous_15)
FNDA:1,(anonymous_16)
FNDA:0,(anonymous_17)
FNDA:42,(anonymous_18)
FNDA:1,(anonymous_19)
FNDA:0,(anonymous_20)
FNDA:0,(anonymous_21)
FNDA:1,(anonymous_22)
FNDA:2,(anonymous_23)
FNDA:483,(anonymous_24)
[...]
DA:30,0
DA:32,1
DA:34,1
DA:35,1
DA:36,1
DA:38,14
DA:44,57
DA:45,13
DA:46,13
DA:47,13
DA:50,57
DA:51,1
DA:52,1
DA:53,1
DA:54,1
DA:58,57
DA:75,13
DA:145,16
LF:36
LH:35
BRDA:20,0,0,0
BRDA:20,0,1,14
BRDA:25,1,0,13
BRDA:25,1,1,0
BRDA:29,2,0,0
BRDA:29,2,1,1
BRDA:51,3,0,0
BRDA:51,3,1,1
BRDA:53,4,0,1
BRDA:53,4,1,0
BRDA:84,5,0,57
BRDA:84,5,1,43
BRDA:87,6,0,14
BRDA:87,6,1,43
BRDA:98,7,0,57
BRDA:98,7,1,14
BRDA:105,8,0,57
BRDA:105,8,1,1
BRDA:105,8,2,1
BRDA:114,9,0,57
BRDA:114,9,1,43
BRDA:114,9,2,42
BRDA:114,9,3,30
BRDA:126,10,0,57
BRDA:126,10,1,43
BRDA:126,10,2,42
BRDA:126,10,3,12
BRDA:126,10,4,1
BRDA:138,11,0,57
BRDA:138,11,1,43
BRDA:138,11,2,42
BRDA:138,11,3,11
BRDA:141,12,0,6
BRDA:141,12,1,5
BRF:34
BRH:29
end_of_record
TN:
SF:src\features\knowledge\KnowledgeSnippet.tsx
FN:8,KnowledgeSnippet
FNF:1
FNH:1
FNDA:20,KnowledgeSnippet
DA:9,20
DA:13,20
LF:2
LH:2
BRF:0
BRH:0
end_of_record
TN:
SF:src\features\knowledge\KnowledgeSourceBadge.tsx
FN:35,KnowledgeSourceBadge
FNF:1
FNH:1
FNDA:112,KnowledgeSourceBadge
DA:3,13
DA:19,13
DA:36,112
DA:37,112
DA:38,112
LF:5
LH:5
BRDA:36,0,0,112
BRDA:36,0,1,0
BRDA:37,1,0,112
BRDA:37,1,1,0
BRF:4
BRH:2
end_of_record
TN:
SF:src\features\knowledge\RelatedKnowledgeCard.tsx
FN:10,RelatedKnowledgeCard
FN:14,(anonymous_1)
FN:47,(anonymous_2)
FN:57,(anonymous_3)
FNF:4
FNH:1
FNDA:18,RelatedKnowledgeCard
FNDA:0,(anonymous_1)
FNDA:0,(anonymous_2)
FNDA:0,(anonymous_3)
DA:11,18
DA:12,18
DA:14,18
DA:15,0
DA:16,0
DA:17,0
DA:18,0
DA:20,0
DA:24,18
DA:47,0
DA:57,0
LF:11
LH:4
BRDA:15,0,0,0
BRDA:15,0,1,0
BRDA:17,1,0,0
BRDA:17,1,1,0
BRDA:37,2,0,18
BRDA:37,2,1,18
BRDA:52,3,0,18
BRDA:52,3,1,0
BRF:8
BRH:3
end_of_record
TN:
SF:src\features\knowledge\RelatedKnowledgePanel.tsx
FN:6,RelatedKnowledgePanel
FN:20,(anonymous_1)
FN:35,(anonymous_2)
FN:49,(anonymous_3)
FN:87,(anonymous_4)
FNF:5
FNH:5
FNDA:129,RelatedKnowledgePanel
FNDA:44,(anonymous_1)
FNDA:44,(anonymous_2)
FNDA:2,(anonymous_3)
FNDA:18,(anonymous_4)
DA:15,129
DA:16,129
DA:17,129
DA:18,129
DA:20,129
DA:21,44
DA:22,44
DA:23,44
DA:24,44
DA:25,13
DA:28,31
DA:29,31
DA:31,44
DA:35,129
DA:36,44
DA:37,44
DA:41,129
DA:49,2
DA:88,18
LF:19
LH:19
BRDA:9,0,0,129
BRDA:25,1,0,13
BRDA:25,1,1,0
BRDA:36,2,0,44
BRDA:36,2,1,0
BRDA:36,3,0,44
BRDA:36,3,1,44
BRDA:56,4,0,1
BRDA:56,4,1,128
BRDA:60,5,0,129
BRDA:60,5,1,128
BRDA:63,6,0,128
BRDA:63,6,1,44
BRDA:71,7,0,128
BRDA:71,7,1,84
BRDA:71,7,2,73
BRDA:78,8,0,128
BRDA:78,8,1,84
BRDA:78,8,2,11
BRDA:78,8,3,1
BRDA:85,9,0,128
BRDA:85,9,1,84
BRDA:85,9,2,11
BRDA:85,9,3,10
BRF:24
BRH:22
end_of_record
TN:
SF:src\features\knowledge\RelatedKnowledgeReasonBadge.tsx
FN:21,RelatedKnowledgeReasonBadge
FNF:1
FNH:1
FNDA:18,RelatedKnowledgeReasonBadge
DA:3,9
DA:12,9
DA:22,18
DA:23,18
DA:24,18
LF:5
LH:5
BRDA:22,0,0,18
BRDA:22,0,1,0
BRDA:23,1,0,18
BRDA:23,1,1,0
BRF:4
BRH:2
end_of_record
TN:
SF:src\features\knowledge\SaveToCollectionDialog.tsx
FN:13,SaveToCollectionDialog
FN:23,(anonymous_1)
FN:24,(anonymous_2)
FN:36,(anonymous_3)
FN:62,(anonymous_4)
FN:91,(anonymous_5)
FN:95,(anonymous_6)
FN:103,(anonymous_7)
FNF:8
FNH:7
FNDA:9,SaveToCollectionDialog
FNDA:3,(anonymous_1)
FNDA:3,(anonymous_2)
FNDA:1,(anonymous_3)
FNDA:1,(anonymous_4)
FNDA:1,(anonymous_5)
FNDA:4,(anonymous_6)
FNDA:0,(anonymous_7)
DA:14,9
DA:15,9
DA:16,9
DA:17,9
DA:18,9
DA:19,9
DA:20,9
DA:21,9
DA:23,9
DA:24,3
DA:25,3
DA:26,3
DA:27,3
DA:29,0
DA:31,3
DA:36,9
DA:37,1
DA:38,1
DA:39,1
DA:40,1
DA:41,1
DA:42,1
DA:48,1
DA:49,1
DA:51,1
DA:52,1
DA:54,0
DA:56,1
DA:60,9
DA:62,1
DA:91,1
DA:96,4
DA:103,0
LF:33
LH:30
BRDA:37,0,0,0
BRDA:37,0,1,1
BRDA:46,1,0,1
BRDA:46,1,1,1
BRDA:48,2,0,1
BRDA:48,2,1,0
BRDA:68,3,0,9
BRDA:68,3,1,0
BRDA:70,4,0,9
BRDA:70,4,1,3
BRDA:72,5,0,9
BRDA:72,5,1,0
BRDA:74,6,0,1
BRDA:74,6,1,8
BRDA:77,7,0,1
BRDA:77,7,1,0
BRDA:81,8,0,1
BRDA:81,8,1,7
BRDA:81,9,0,8
BRDA:81,9,1,5
BRDA:86,10,0,7
BRDA:86,10,1,4
BRDA:86,10,2,4
BRDA:112,11,0,4
BRDA:112,11,1,2
BRDA:115,12,0,1
BRDA:115,12,1,3
BRF:27
BRH:22
end_of_record
TN:
SF:src\features\knowledge\SavedKnowledgeAnswerDetailPage.tsx
FN:6,SavedKnowledgeAnswerDetailPage
FN:13,(anonymous_1)
FN:14,(anonymous_2)
FN:33,(anonymous_3)
FN:52,(anonymous_4)
FN:61,(anonymous_5)
FN:77,ConfidenceBadge
FNF:7
FNH:5
FNDA:2,SavedKnowledgeAnswerDetailPage
FNDA:1,(anonymous_1)
FNDA:1,(anonymous_2)
FNDA:0,(anonymous_3)
FNDA:2,(anonymous_4)
FNDA:0,(anonymous_5)
FNDA:1,ConfidenceBadge
DA:7,2
DA:8,2
DA:9,2
DA:10,2
DA:11,2
DA:13,2
DA:14,1
DA:15,1
DA:16,1
DA:17,1
DA:18,1
DA:20,0
DA:22,1
DA:27,2
DA:28,1
DA:29,1
DA:31,1
DA:33,0
DA:53,2
DA:62,0
DA:63,0
DA:64,0
DA:66,0
DA:78,1
DA:83,1
LF:25
LH:19
BRDA:15,0,0,0
BRDA:15,0,1,1
BRDA:27,1,0,1
BRDA:27,1,1,1
BRDA:28,2,0,0
BRDA:28,2,1,1
BRDA:29,3,0,0
BRDA:29,3,1,1
BRDA:48,4,0,1
BRDA:48,4,1,1
BRDA:48,4,2,1
BRDA:84,5,0,1
BRDA:84,5,1,0
BRF:13
BRH:9
end_of_record
TN:
SF:src\features\knowledge\SavedKnowledgeAnswersPage.tsx
FN:5,SavedKnowledgeAnswersPage
FN:11,(anonymous_1)
FN:12,(anonymous_2)
FN:37,(anonymous_3)
FN:42,(anonymous_4)
FN:59,ConfidenceBadge
FNF:6
FNH:5
FNDA:4,SavedKnowledgeAnswersPage
FNDA:2,(anonymous_1)
FNDA:2,(anonymous_2)
FNDA:2,(anonymous_3)
FNDA:0,(anonymous_4)
FNDA:2,ConfidenceBadge
DA:6,4
DA:7,4
DA:8,4
DA:9,4
DA:11,4
DA:12,2
DA:13,2
DA:14,2
DA:15,2
DA:17,0
DA:19,2
DA:24,4
DA:25,2
DA:27,2
DA:38,2
DA:42,0
DA:60,2
DA:65,2
LF:18
LH:16
BRDA:24,0,0,2
BRDA:24,0,1,2
BRDA:25,1,0,0
BRDA:25,1,1,2
BRDA:31,2,0,1
BRDA:31,2,1,1
BRDA:50,3,0,2
BRDA:50,3,1,1
BRDA:50,4,0,1
BRDA:50,4,1,1
BRDA:50,5,0,2
BRDA:50,5,1,1
BRDA:66,6,0,2
BRDA:66,6,1,0
BRF:14
BRH:12
end_of_record
TN:
SF:src\features\knowledge\SearchFilters.tsx
FN:21,SearchFilters
FN:33,(anonymous_1)
FN:41,(anonymous_2)
FNF:3
FNH:3
FNDA:57,SearchFilters
FNDA:798,(anonymous_1)
FNDA:1,(anonymous_2)
DA:4,1
DA:28,57
DA:34,798
DA:35,798
DA:36,798
DA:41,1
LF:6
LH:6
BRDA:35,0,0,798
BRDA:35,0,1,57
BRDA:43,1,0,57
BRDA:43,1,1,741
BRDA:45,2,0,57
BRDA:45,2,1,684
BRF:6
BRH:6
end_of_record
TN:
SF:src\features\knowledge\SearchResultCard.tsx
FN:10,formatRank
FN:16,SearchResultCard
FN:20,(anonymous_2)
FN:60,(anonymous_3)
FN:71,(anonymous_4)
FNF:5
FNH:2
FNDA:16,formatRank
FNDA:16,SearchResultCard
FNDA:0,(anonymous_2)
FNDA:0,(anonymous_3)
FNDA:0,(anonymous_4)
DA:11,16
DA:12,8
DA:13,0
DA:17,16
DA:18,16
DA:20,16
DA:21,0
DA:22,0
DA:23,0
DA:24,0
DA:27,0
DA:31,16
DA:60,0
DA:71,0
LF:14
LH:6
BRDA:11,0,0,8
BRDA:11,0,1,8
BRDA:12,1,0,8
BRDA:12,1,1,0
BRDA:21,2,0,0
BRDA:21,2,1,0
BRDA:23,3,0,0
BRDA:23,3,1,0
BRDA:51,4,0,16
BRDA:51,4,1,13
BRDA:56,5,0,16
BRDA:56,5,1,16
BRDA:66,6,0,16
BRDA:66,6,1,0
BRF:14
BRH:8
end_of_record
TN:
SF:src\features\knowledge\sourceRoute.ts
FN:6,getSourceRoute
FNF:1
FNH:0
FNDA:0,getSourceRoute
DA:11,0
DA:12,0
DA:14,0
DA:16,0
DA:18,0
DA:20,0
DA:22,0
DA:24,0
DA:26,0
DA:28,0
DA:30,0
DA:32,0
DA:34,0
DA:36,0
DA:38,0
DA:40,0
LF:16
LH:0
BRDA:11,0,0,0
BRDA:11,0,1,0
BRDA:12,1,0,0
BRDA:12,1,1,0
BRDA:12,1,2,0
BRDA:12,1,3,0
BRDA:12,1,4,0
BRDA:12,1,5,0
BRDA:12,1,6,0
BRDA:12,1,7,0
BRDA:12,1,8,0
BRDA:12,1,9,0
BRDA:12,1,10,0
BRDA:12,1,11,0
BRDA:12,1,12,0
BRDA:12,1,13,0
BRF:16
BRH:0
end_of_record
TN:
SF:src\features\objects\ObjectDetailPage.tsx
FN:16,statusTone
FN:24,ObjectDetailPage
FN:37,(anonymous_2)
FN:42,(anonymous_3)
FN:47,(anonymous_4)
FN:52,(anonymous_5)
FN:53,(anonymous_6)
FN:57,(anonymous_7)
FN:61,(anonymous_8)
FN:62,(anonymous_9)
FN:66,(anonymous_10)
FN:70,(anonymous_11)
FN:76,(anonymous_12)
FN:82,(anonymous_13)
FN:91,(anonymous_14)
FN:108,(anonymous_15)
FN:114,(anonymous_16)
FN:125,(anonymous_17)
FN:148,(anonymous_18)
FN:149,(anonymous_19)
FN:160,(anonymous_20)
FN:178,(anonymous_21)
FN:184,(anonymous_22)
FNF:23
FNH:12
FNDA:15,statusTone
FNDA:22,ObjectDetailPage
FNDA:5,(anonymous_2)
FNDA:6,(anonymous_3)
FNDA:5,(anonymous_4)
FNDA:1,(anonymous_5)
FNDA:1,(anonymous_6)
FNDA:0,(anonymous_7)
FNDA:0,(anonymous_8)
FNDA:0,(anonymous_9)
FNDA:0,(anonymous_10)
FNDA:0,(anonymous_11)
FNDA:0,(anonymous_12)
FNDA:1,(anonymous_13)
FNDA:0,(anonymous_14)
FNDA:0,(anonymous_15)
FNDA:0,(anonymous_16)
FNDA:0,(anonymous_17)
FNDA:5,(anonymous_18)
FNDA:6,(anonymous_19)
FNDA:15,(anonymous_20)
FNDA:15,(anonymous_21)
FNDA:0,(anonymous_22)
DA:17,15
DA:18,15
DA:19,15
DA:20,15
DA:21,0
DA:25,22
DA:26,22
DA:27,22
DA:28,22
DA:29,22
DA:30,22
DA:34,22
DA:35,22
DA:37,5
DA:40,22
DA:42,6
DA:45,22
DA:47,5
DA:51,22
DA:52,1
DA:54,1
DA:55,1
DA:57,0
DA:60,22
DA:61,0
DA:63,0
DA:64,0
DA:66,0
DA:69,22
DA:70,22
DA:71,0
DA:72,0
DA:75,22
DA:76,17
DA:77,15
DA:79,15
DA:80,22
DA:82,22
DA:83,1
DA:84,1
DA:87,22
DA:91,0
DA:108,0
DA:114,0
DA:125,0
DA:148,5
DA:149,6
DA:161,15
DA:179,15
DA:180,15
DA:184,0
LF:51
LH:38
BRDA:17,0,0,0
BRDA:17,0,1,15
BRDA:17,1,0,15
BRDA:17,1,1,15
BRDA:18,2,0,0
BRDA:18,2,1,15
BRDA:19,3,0,0
BRDA:19,3,1,15
BRDA:20,4,0,15
BRDA:20,4,1,0
BRDA:34,5,0,22
BRDA:34,5,1,0
BRDA:36,6,0,22
BRDA:36,6,1,0
BRDA:41,7,0,22
BRDA:41,7,1,0
BRDA:46,8,0,22
BRDA:46,8,1,0
BRDA:54,9,0,1
BRDA:54,9,1,0
BRDA:71,10,0,0
BRDA:71,10,1,0
BRDA:75,11,0,5
BRDA:75,11,1,17
BRDA:76,12,0,2
BRDA:76,12,1,15
BRDA:77,13,0,0
BRDA:77,13,1,15
BRDA:79,14,0,15
BRDA:79,14,1,0
BRDA:80,15,0,22
BRDA:80,15,1,0
BRDA:83,16,0,0
BRDA:83,16,1,1
BRDA:107,17,0,22
BRDA:107,17,1,15
BRDA:107,17,2,15
BRDA:110,18,0,22
BRDA:110,18,1,15
BRDA:114,19,0,0
BRDA:114,19,1,0
BRDA:124,20,0,0
BRDA:124,20,1,15
BRDA:131,21,0,15
BRDA:131,21,1,0
BRDA:142,22,0,22
BRDA:142,22,1,15
BRDA:149,23,0,1
BRDA:149,23,1,5
BRDA:151,24,0,15
BRDA:151,24,1,5
BRDA:156,25,0,0
BRDA:156,25,1,15
BRDA:175,26,0,0
BRDA:175,26,1,15
BRDA:179,27,0,0
BRDA:179,27,1,15
BRF:57
BRH:35
end_of_record
TN:
SF:src\features\objects\ObjectEditForm.tsx
FN:22,ObjectEditForm
FN:34,(anonymous_1)
FN:36,(anonymous_2)
FN:40,(anonymous_3)
FN:65,(anonymous_4)
FN:69,(anonymous_5)
FN:74,(anonymous_6)
FN:77,(anonymous_7)
FN:83,(anonymous_8)
FN:86,(anonymous_9)
FN:92,(anonymous_10)
FNF:11
FNH:7
FNDA:7,ObjectEditForm
FNDA:3,(anonymous_1)
FNDA:1,(anonymous_2)
FNDA:2,(anonymous_3)
FNDA:0,(anonymous_4)
FNDA:0,(anonymous_5)
FNDA:0,(anonymous_6)
FNDA:35,(anonymous_7)
FNDA:0,(anonymous_8)
FNDA:35,(anonymous_9)
FNDA:3,(anonymous_10)
DA:19,5
DA:20,5
DA:23,7
DA:24,7
DA:25,7
DA:26,7
DA:27,7
DA:28,7
DA:33,7
DA:35,3
DA:37,1
DA:38,1
DA:41,2
DA:42,1
DA:43,1
DA:45,1
DA:47,1
DA:52,7
DA:53,0
DA:56,7
DA:65,0
DA:69,0
DA:74,0
DA:77,35
DA:83,0
DA:86,35
DA:92,3
LF:27
LH:22
BRDA:25,0,0,7
BRDA:25,0,1,0
BRDA:41,1,0,1
BRDA:41,1,1,1
BRDA:41,2,0,2
BRDA:41,2,1,2
BRDA:41,2,2,2
BRDA:52,3,0,0
BRDA:52,3,1,7
BRDA:58,4,0,7
BRDA:58,4,1,2
BRDA:74,5,0,0
BRDA:74,5,1,0
BRDA:83,6,0,0
BRDA:83,6,1,0
BRDA:93,7,0,0
BRDA:93,7,1,7
BRF:17
BRH:10
end_of_record
TN:
SF:src\features\queue\QueuePage.tsx
FN:20,statusTone
FN:28,priorityTone
FN:43,QueuePage
FN:50,(anonymous_3)
FN:59,(anonymous_4)
FN:67,(anonymous_5)
FN:78,(anonymous_6)
FN:98,(anonymous_7)
FN:102,(anonymous_8)
FNF:9
FNH:6
FNDA:12,statusTone
FNDA:12,priorityTone
FNDA:17,QueuePage
FNDA:6,(anonymous_3)
FNDA:0,(anonymous_4)
FNDA:102,(anonymous_5)
FNDA:0,(anonymous_6)
FNDA:12,(anonymous_7)
FNDA:0,(anonymous_8)
DA:21,12
DA:22,12
DA:23,9
DA:24,6
DA:25,0
DA:29,12
DA:30,3
DA:31,0
DA:34,1
DA:44,17
DA:45,17
DA:46,17
DA:48,17
DA:50,6
DA:54,17
DA:59,0
DA:68,102
DA:78,0
DA:99,12
DA:102,0
LF:20
LH:15
BRDA:21,0,0,0
BRDA:21,0,1,12
BRDA:21,1,0,12
BRDA:21,1,1,12
BRDA:22,2,0,3
BRDA:22,2,1,9
BRDA:23,3,0,3
BRDA:23,3,1,6
BRDA:24,4,0,6
BRDA:24,4,1,0
BRDA:29,5,0,9
BRDA:29,5,1,3
BRDA:29,6,0,12
BRDA:29,6,1,9
BRDA:30,7,0,3
BRDA:30,7,1,0
BRDA:49,8,0,17
BRDA:49,8,1,0
BRDA:49,9,0,2
BRDA:49,9,1,15
BRDA:50,10,0,1
BRDA:50,10,1,5
BRDA:58,11,0,17
BRDA:58,11,1,12
BRDA:74,12,0,7
BRDA:74,12,1,10
BRDA:76,13,0,2
BRDA:76,13,1,8
BRDA:80,14,0,2
BRDA:80,14,1,6
BRDA:80,15,0,8
BRDA:80,15,1,8
BRDA:83,16,0,0
BRDA:83,16,1,2
BRF:34
BRH:29
end_of_record
TN:
SF:src\features\remediation\EvidencePanel.tsx
FN:24,EvidencePanel
FN:29,(anonymous_1)
FN:32,(anonymous_2)
FN:33,(anonymous_3)
FN:39,(anonymous_4)
FN:99,(anonymous_5)
FN:112,(anonymous_6)
FN:133,(anonymous_7)
FNF:8
FNH:7
FNDA:18,EvidencePanel
FNDA:9,(anonymous_1)
FNDA:9,(anonymous_2)
FNDA:0,(anonymous_3)
FNDA:9,(anonymous_4)
FNDA:11,(anonymous_5)
FNDA:6,(anonymous_6)
FNDA:6,(anonymous_7)
DA:25,18
DA:26,18
DA:27,18
DA:29,18
DA:30,9
DA:31,9
DA:32,9
DA:34,0
DA:35,0
DA:36,0
DA:39,9
DA:42,18
DA:44,9
DA:45,0
DA:52,9
DA:53,3
DA:63,6
DA:69,18
DA:100,11
DA:113,6
DA:134,6
LF:21
LH:17
BRDA:32,0,0,9
BRDA:32,0,1,0
BRDA:34,1,0,0
BRDA:34,1,1,0
BRDA:35,2,0,0
BRDA:35,2,1,0
BRDA:42,3,0,9
BRDA:42,3,1,9
BRDA:44,4,0,0
BRDA:44,4,1,9
BRDA:52,5,0,3
BRDA:52,5,1,6
BRDA:52,6,0,9
BRDA:52,6,1,9
BRDA:57,7,0,3
BRDA:57,7,1,0
BRDA:63,8,0,6
BRDA:63,8,1,0
BRDA:65,9,0,0
BRDA:65,9,1,0
BRDA:73,10,0,18
BRDA:73,10,1,1
BRDA:90,11,0,18
BRDA:90,11,1,0
BRDA:96,12,0,18
BRDA:96,12,1,6
BRDA:96,12,2,6
BRDA:101,13,0,11
BRDA:101,13,1,11
BRDA:102,14,0,11
BRDA:102,14,1,10
BRDA:109,15,0,18
BRDA:109,15,1,6
BRDA:109,15,2,6
BRDA:114,16,0,6
BRDA:114,16,1,6
BRDA:115,17,0,6
BRDA:115,17,1,6
BRDA:122,18,0,18
BRDA:122,18,1,6
BRDA:130,19,0,18
BRDA:130,19,1,6
BRDA:130,19,2,6
BRDA:135,20,0,6
BRDA:135,20,1,0
BRF:45
BRH:33
end_of_record
TN:
SF:src\features\shared\OutcomePanel.tsx
FN:19,OutcomePanel
FN:46,(anonymous_1)
FN:51,(anonymous_2)
FN:56,(anonymous_3)
FN:59,(anonymous_4)
FN:74,(anonymous_5)
FN:75,(anonymous_6)
FN:78,(anonymous_7)
FN:83,(anonymous_8)
FN:88,(anonymous_9)
FN:155,(anonymous_10)
FN:170,(anonymous_11)
FN:184,(anonymous_12)
FN:195,(anonymous_13)
FN:206,(anonymous_14)
FN:217,(anonymous_15)
FN:236,(anonymous_16)
FN:253,(anonymous_17)
FNF:18
FNH:9
FNDA:26,OutcomePanel
FNDA:11,(anonymous_1)
FNDA:2,(anonymous_2)
FNDA:11,(anonymous_3)
FNDA:11,(anonymous_4)
FNDA:0,(anonymous_5)
FNDA:11,(anonymous_6)
FNDA:2,(anonymous_7)
FNDA:1,(anonymous_8)
FNDA:1,(anonymous_9)
FNDA:0,(anonymous_10)
FNDA:0,(anonymous_11)
FNDA:0,(anonymous_12)
FNDA:0,(anonymous_13)
FNDA:0,(anonymous_14)
FNDA:0,(anonymous_15)
FNDA:0,(anonymous_16)
FNDA:0,(anonymous_17)
DA:28,26
DA:29,26
DA:30,26
DA:31,26
DA:32,26
DA:33,26
DA:42,26
DA:46,26
DA:47,11
DA:51,26
DA:52,2
DA:56,26
DA:57,11
DA:58,11
DA:60,11
DA:61,11
DA:62,11
DA:63,2
DA:71,11
DA:74,0
DA:75,11
DA:78,26
DA:79,2
DA:80,2
DA:81,2
DA:82,2
DA:84,1
DA:85,1
DA:86,1
DA:89,1
DA:90,1
DA:94,26
DA:97,15
DA:98,3
DA:108,12
DA:115,12
DA:155,0
DA:170,0
DA:184,0
DA:195,0
DA:206,0
DA:217,0
DA:236,0
DA:253,0
LF:44
LH:35
BRDA:42,0,0,20
BRDA:42,0,1,6
BRDA:47,1,0,8
BRDA:47,1,1,3
BRDA:52,2,0,2
BRDA:52,2,1,0
BRDA:60,3,0,11
BRDA:60,3,1,0
BRDA:62,4,0,2
BRDA:62,4,1,9
BRDA:64,5,0,2
BRDA:64,5,1,0
BRDA:65,6,0,2
BRDA:65,6,1,0
BRDA:66,7,0,2
BRDA:66,7,1,1
BRDA:67,8,0,2
BRDA:67,8,1,0
BRDA:68,9,0,2
BRDA:68,9,1,1
BRDA:74,10,0,0
BRDA:74,10,1,0
BRDA:89,11,0,0
BRDA:89,11,1,1
BRDA:94,12,0,11
BRDA:94,12,1,15
BRDA:97,13,0,3
BRDA:97,13,1,12
BRDA:124,14,0,12
BRDA:124,14,1,1
BRDA:129,15,0,3
BRDA:129,15,1,9
BRDA:129,16,0,26
BRDA:129,16,1,3
BRDA:133,17,0,3
BRDA:133,17,1,0
BRDA:133,18,0,3
BRDA:133,18,1,0
BRDA:137,19,0,3
BRDA:137,19,1,2
BRDA:140,20,0,3
BRDA:140,20,1,2
BRDA:143,21,0,3
BRDA:143,21,1,1
BRDA:146,22,0,3
BRDA:146,22,1,1
BRDA:149,23,0,3
BRDA:149,23,1,1
BRDA:164,24,0,9
BRDA:164,24,1,9
BRDA:164,24,2,9
BRDA:231,25,0,2
BRDA:231,25,1,7
BRDA:233,26,0,9
BRDA:233,26,1,0
BRDA:249,27,0,26
BRDA:249,27,1,9
BRDA:249,27,2,9
BRF:58
BRH:47
end_of_record
TN:
SF:src\features\team\TeamSettings.tsx
FN:5,TeamSettings
FN:14,(anonymous_1)
FN:17,(anonymous_2)
FN:17,(anonymous_3)
FN:18,(anonymous_4)
FN:22,(anonymous_5)
FN:28,(anonymous_6)
FN:49,(anonymous_7)
FN:57,(anonymous_8)
FN:70,(anonymous_9)
FN:71,(anonymous_10)
FN:83,(anonymous_11)
FN:83,(anonymous_12)
FNF:13
FNH:0
FNDA:0,TeamSettings
FNDA:0,(anonymous_1)
FNDA:0,(anonymous_2)
FNDA:0,(anonymous_3)
FNDA:0,(anonymous_4)
FNDA:0,(anonymous_5)
FNDA:0,(anonymous_6)
FNDA:0,(anonymous_7)
FNDA:0,(anonymous_8)
FNDA:0,(anonymous_9)
FNDA:0,(anonymous_10)
FNDA:0,(anonymous_11)
FNDA:0,(anonymous_12)
DA:6,0
DA:7,0
DA:8,0
DA:9,0
DA:10,0
DA:11,0
DA:12,0
DA:14,0
DA:15,0
DA:16,0
DA:17,0
DA:18,0
DA:20,0
DA:22,0
DA:23,0
DA:24,0
DA:25,0
DA:28,0
DA:29,0
DA:30,0
DA:33,0
DA:35,0
DA:37,0
DA:50,0
DA:57,0
DA:70,0
DA:71,0
DA:83,0
DA:84,0
LF:29
LH:0
BRDA:15,0,0,0
BRDA:15,0,1,0
BRDA:29,1,0,0
BRDA:29,1,1,0
BRDA:35,2,0,0
BRDA:35,2,1,0
BRDA:40,3,0,0
BRDA:40,3,1,0
BRDA:53,4,0,0
BRDA:53,4,1,0
BRDA:56,5,0,0
BRDA:56,5,1,0
BRDA:56,5,2,0
BRDA:66,6,0,0
BRDA:66,6,1,0
BRDA:80,7,0,0
BRDA:80,7,1,0
BRF:17
BRH:0
end_of_record
TN:
SF:src\features\work-items\WorkItemNew.tsx
FN:38,WorkItemNew
FN:49,(anonymous_1)
FN:51,(anonymous_2)
FN:58,(anonymous_3)
FN:61,(anonymous_4)
FN:86,(anonymous_5)
FN:95,(anonymous_6)
FN:102,(anonymous_7)
FN:105,(anonymous_8)
FN:111,(anonymous_9)
FN:114,(anonymous_10)
FN:123,(anonymous_11)
FNF:12
FNH:8
FNDA:48,WorkItemNew
FNDA:2,(anonymous_1)
FNDA:1,(anonymous_2)
FNDA:1,(anonymous_3)
FNDA:3,(anonymous_4)
FNDA:35,(anonymous_5)
FNDA:0,(anonymous_6)
FNDA:0,(anonymous_7)
FNDA:192,(anonymous_8)
FNDA:0,(anonymous_9)
FNDA:240,(anonymous_10)
FNDA:0,(anonymous_11)
DA:17,1
DA:24,1
DA:30,1
DA:39,48
DA:40,48
DA:41,48
DA:42,48
DA:43,48
DA:44,48
DA:45,48
DA:46,48
DA:48,48
DA:50,2
DA:52,1
DA:54,1
DA:55,1
DA:56,1
DA:58,1
DA:61,48
DA:62,3
DA:63,3
DA:64,3
DA:65,1
DA:66,1
DA:67,1
DA:69,1
DA:70,1
DA:72,2
DA:73,2
DA:76,48
DA:86,35
DA:95,0
DA:102,0
DA:105,192
DA:111,0
DA:114,240
DA:123,0
LF:37
LH:33
BRDA:54,0,0,1
BRDA:54,0,1,0
BRDA:55,1,0,1
BRDA:55,1,1,0
BRDA:64,2,0,1
BRDA:64,2,1,2
BRDA:89,3,0,48
BRDA:89,3,1,1
BRDA:97,4,0,48
BRDA:97,4,1,0
BRDA:102,5,0,0
BRDA:102,5,1,0
BRDA:111,6,0,0
BRDA:111,6,1,0
BRDA:121,7,0,2
BRDA:121,7,1,46
BRF:16
BRH:9
end_of_record
TN:
SF:src\hooks\usePermissions.ts
FN:3,usePermissions
FNF:1
FNH:1
FNDA:101,usePermissions
DA:4,101
DA:5,101
LF:2
LH:2
BRF:0
BRH:0
end_of_record
TN:
SF:src\hooks\useRealtimeInvalidation.ts
FN:46,useRealtimeInvalidation
FN:49,(anonymous_1)
FN:80,useRealtimeConnected
FNF:3
FNH:0
FNDA:0,useRealtimeInvalidation
FNDA:0,(anonymous_1)
FNDA:0,useRealtimeConnected
DA:16,0
DA:47,0
DA:49,0
DA:50,0
DA:52,0
DA:54,0
DA:55,0
DA:57,0
DA:63,0
DA:81,0
LF:10
LH:0
BRDA:50,0,0,0
BRDA:50,0,1,0
BRDA:52,1,0,0
BRDA:52,1,1,0
BRDA:52,2,0,0
BRDA:52,2,1,0
BRDA:55,3,0,0
BRDA:55,3,1,0
BRF:8
BRH:0
end_of_record
TN:
SF:src\hooks\useRefetch.tsx
FN:30,useRefetch
FN:32,(anonymous_1)
FN:34,(anonymous_2)
FN:37,(anonymous_3)
FN:37,(anonymous_4)
FN:44,RefetchProvider
FNF:6
FNH:0
FNDA:0,useRefetch
FNDA:0,(anonymous_1)
FNDA:0,(anonymous_2)
FNDA:0,(anonymous_3)
FNDA:0,(anonymous_4)
FNDA:0,RefetchProvider
DA:31,0
DA:32,0
DA:34,0
DA:37,0
DA:38,0
DA:40,0
DA:45,0
LF:7
LH:0
BRF:0
BRH:0
end_of_record
TN:
SF:src\hooks\useWebSocket.ts
FN:39,notifyEvent
FN:40,(anonymous_1)
FN:45,setConnected
FN:47,(anonymous_3)
FN:50,connect
FN:71,(anonymous_5)
FN:73,(anonymous_6)
FN:82,(anonymous_7)
FN:91,(anonymous_8)
FN:94,disconnect
FN:102,subscribeConn
FN:104,(anonymous_11)
FN:107,getConnSnapshot
FN:118,useWebSocketInvalidation
FN:131,(anonymous_14)
FN:132,(anonymous_15)
FN:138,(anonymous_16)
FN:148,reconnectWebSocket
FN:158,useWebSocketConnected
FNF:19
FNH:0
FNDA:0,notifyEvent
FNDA:0,(anonymous_1)
FNDA:0,setConnected
FNDA:0,(anonymous_3)
FNDA:0,connect
FNDA:0,(anonymous_5)
FNDA:0,(anonymous_6)
FNDA:0,(anonymous_7)
FNDA:0,(anonymous_8)
FNDA:0,disconnect
FNDA:0,subscribeConn
FNDA:0,(anonymous_11)
FNDA:0,getConnSnapshot
FNDA:0,useWebSocketInvalidation
FNDA:0,(anonymous_14)
FNDA:0,(anonymous_15)
FNDA:0,(anonymous_16)
FNDA:0,reconnectWebSocket
FNDA:0,useWebSocketConnected
DA:31,0
DA:33,0
DA:34,0
DA:35,0
DA:36,0
DA:37,0
DA:40,0
DA:41,0
DA:46,0
DA:47,0
DA:51,0
DA:52,0
DA:53,0
DA:56,0
DA:57,0
DA:60,0
DA:62,0
DA:63,0
DA:65,0
DA:66,0
DA:67,0
DA:69,0
DA:71,0
DA:73,0
DA:74,0
DA:75,0
DA:77,0
DA:78,0
DA:82,0
DA:83,0
DA:84,0
DA:86,0
DA:87,0
DA:91,0
DA:95,0
DA:96,0
DA:97,0
DA:98,0
DA:99,0
DA:103,0
DA:104,0
DA:108,0
DA:122,0
DA:123,0
DA:125,0
DA:128,0
DA:131,0
DA:132,0
DA:133,0
DA:134,0
DA:136,0
DA:137,0
DA:138,0
DA:141,0
DA:150,0
DA:151,0
DA:159,0
LF:57
LH:0
BRDA:53,0,0,0
BRDA:53,0,1,0
BRDA:53,1,0,0
BRDA:53,1,1,0
BRDA:56,2,0,0
BRDA:56,2,1,0
BRDA:56,3,0,0
BRDA:56,3,1,0
BRDA:56,3,2,0
BRDA:56,3,3,0
BRDA:56,3,4,0
BRDA:60,4,0,0
BRDA:60,4,1,0
BRDA:65,5,0,0
BRDA:65,5,1,0
BRDA:77,6,0,0
BRDA:77,6,1,0
BRDA:77,7,0,0
BRDA:77,7,1,0
BRDA:86,8,0,0
BRDA:86,8,1,0
BRDA:86,9,0,0
BRDA:86,9,1,0
BRDA:95,10,0,0
BRDA:95,10,1,0
BRDA:96,11,0,0
BRDA:96,11,1,0
BRF:27
BRH:0
end_of_record
TN:
SF:src\lib\utils.ts
FN:4,cn
FNF:1
FNH:1
FNDA:1967,cn
DA:5,1967
LF:1
LH:1
BRF:0
BRH:0
end_of_record
